@@@ Inserting into scaleup weight[0] muR=1 muF=2 hdamp=mt=272.7225 
@@@ Inserting into scaledown weight[0] muR=1 muF=0.5 hdamp=mt=272.7225 
@@@ Inserting into scaleup weight[1] muR=2 muF=1 hdamp=mt=272.7225 
@@@ Inserting into scaleup weight[2] muR=2 muF=2 hdamp=mt=272.7225 
@@@ Skipping unphysical parameter muR=2 muF=0.5 hdamp=mt=272.7225 
@@@ Inserting into scaledown weight[1] muR=0.5 muF=1 hdamp=mt=272.7225 
@@@ Skipping unphysical parameter muR=0.5 muF=2 hdamp=mt=272.7225 
@@@ Inserting into scaledown weight[2] muR=0.5 muF=0.5 hdamp=mt=272.7225 
  jet.pt()  = 64.6744=======__jet.eta()+++ 0.465376
after JER() = 65.2442========_jet.eta()+++ 0.465376______Jet_Pt[nJets]------65.2442
  jet.pt()  = 51.3144=======__jet.eta()+++ 0.949494
after JER() = 50.5737========_jet.eta()+++ 0.949494______Jet_Pt[nJets]------50.5737
  jet.pt()  = 38.8516=======__jet.eta()+++ -2.14239
after JER() = 38.8583========_jet.eta()+++ -2.14239______Jet_Pt[nJets]------38.8583
  jet.pt()  = 36.3327=======__jet.eta()+++ 0.470787
after JER() = 35.5556========_jet.eta()+++ 0.470787______Jet_Pt[nJets]------35.5556
  jet.pt()  = 19.6698=======__jet.eta()+++ 1.97832
  jet.pt()  = 19.0588=======__jet.eta()+++ -1.7889
  jet.pt()  = 16.0769=======__jet.eta()+++ 0.593094
  jet.pt()  = 13.8661=======__jet.eta()+++ -4.53921
  jet.pt()  = 13.7227=======__jet.eta()+++ -1.41201
  jet.pt()  = 12.5716=======__jet.eta()+++ 3.77733
  jet.pt()  = 11.787=======__jet.eta()+++ 2.9397
  jet.pt()  = 10.9302=======__jet.eta()+++ -1.06374
  jet.pt()  = 10.5064=======__jet.eta()+++ -3.35746
  jet.pt()  = 10.1983=======__jet.eta()+++ 2.9549
  jet.pt()  = 151.301=======__jet.eta()+++ -0.349861
after JER() = 151.538========_jet.eta()+++ -0.349861______Jet_Pt[nJets]------151.538
  jet.pt()  = 107.1=======__jet.eta()+++ -0.848978
after JER() = 107.823========_jet.eta()+++ -0.848978______Jet_Pt[nJets]------107.823
  jet.pt()  = 73.4685=======__jet.eta()+++ -0.400425
after JER() = 73.3083========_jet.eta()+++ -0.400425______Jet_Pt[nJets]------73.3083
  jet.pt()  = 38.8584=======__jet.eta()+++ -0.342489
after JER() = 39.0416========_jet.eta()+++ -0.342489______Jet_Pt[nJets]------39.0416
  jet.pt()  = 31.592=======__jet.eta()+++ 0.71919
after JER() = 31.6483========_jet.eta()+++ 0.71919______Jet_Pt[nJets]------31.6483
  jet.pt()  = 27.818=======__jet.eta()+++ -1.16562
  jet.pt()  = 21.4742=======__jet.eta()+++ -3.32392
  jet.pt()  = 12.4141=======__jet.eta()+++ 3.17052
  jet.pt()  = 10.9164=======__jet.eta()+++ -4.55229
  jet.pt()  = 10.4215=======__jet.eta()+++ -0.382211
  jet.pt()  = 10.135=======__jet.eta()+++ 0.094449
  jet.pt()  = 77.3921=======__jet.eta()+++ 1.30722
after JER() = 75.9143========_jet.eta()+++ 1.30722______Jet_Pt[nJets]------75.9143
  jet.pt()  = 72.5236=======__jet.eta()+++ 0.951732
after JER() = 71.7454========_jet.eta()+++ 0.951732______Jet_Pt[nJets]------71.7454
  jet.pt()  = 69.3429=======__jet.eta()+++ -0.495047
after JER() = 69.6906========_jet.eta()+++ -0.495047______Jet_Pt[nJets]------69.6906
  jet.pt()  = 42.2857=======__jet.eta()+++ 0.251487
after JER() = 41.5786========_jet.eta()+++ 0.251487______Jet_Pt[nJets]------41.5786
  jet.pt()  = 38.4827=======__jet.eta()+++ 1.47546
after JER() = 37.6573========_jet.eta()+++ 1.47546______Jet_Pt[nJets]------37.6573
  jet.pt()  = 32.1732=======__jet.eta()+++ -0.311497
after JER() = 31.6303========_jet.eta()+++ -0.311497______Jet_Pt[nJets]------31.6303
  jet.pt()  = 17.8616=======__jet.eta()+++ 2.15663
  jet.pt()  = 17.4008=======__jet.eta()+++ -1.08786
  jet.pt()  = 17.2305=======__jet.eta()+++ -2.04531
  jet.pt()  = 135.272=======__jet.eta()+++ -1.06624
after JER() = 137.396========_jet.eta()+++ -1.06624______Jet_Pt[nJets]------137.396
  jet.pt()  = 107.828=======__jet.eta()+++ -0.308438
after JER() = 109.752========_jet.eta()+++ -0.308438______Jet_Pt[nJets]------109.752
  jet.pt()  = 30.9559=======__jet.eta()+++ -0.0601052
after JER() = 31.3194========_jet.eta()+++ -0.0601052______Jet_Pt[nJets]------31.3194
  jet.pt()  = 22.0623=======__jet.eta()+++ -0.601699
  jet.pt()  = 19.5642=======__jet.eta()+++ 3.77233
  jet.pt()  = 14.6691=======__jet.eta()+++ -3.66013
  jet.pt()  = 13.4381=======__jet.eta()+++ -1.38202
  jet.pt()  = 12.6567=======__jet.eta()+++ 0.383053
  jet.pt()  = 11.6119=======__jet.eta()+++ -2.94411
  jet.pt()  = 198.233=======__jet.eta()+++ -0.462401
after JER() = 200.905========_jet.eta()+++ -0.462401______Jet_Pt[nJets]------200.905
  jet.pt()  = 102.236=======__jet.eta()+++ 0.00584508
  jet.pt()  = 77.7206=======__jet.eta()+++ -1.78495
after JER() = 77.5149========_jet.eta()+++ -1.78495______Jet_Pt[nJets]------77.5149
  jet.pt()  = 63.6789=======__jet.eta()+++ -0.513386
after JER() = 62.575========_jet.eta()+++ -0.513386______Jet_Pt[nJets]------62.575
  jet.pt()  = 59.5956=======__jet.eta()+++ -0.228131
after JER() = 59.9396========_jet.eta()+++ -0.228131______Jet_Pt[nJets]------59.9396
  jet.pt()  = 36.3942=======__jet.eta()+++ -0.511339
after JER() = 36.031========_jet.eta()+++ -0.511339______Jet_Pt[nJets]------36.031
  jet.pt()  = 18.5232=======__jet.eta()+++ -0.963342
  jet.pt()  = 18.1675=======__jet.eta()+++ -0.47858
  jet.pt()  = 16.4112=======__jet.eta()+++ 3.05476
  jet.pt()  = 13.1781=======__jet.eta()+++ -1.67143
  jet.pt()  = 11.2461=======__jet.eta()+++ -3.3748
  jet.pt()  = 121.873=======__jet.eta()+++ -2.34334
after JER() = 121.37========_jet.eta()+++ -2.34334______Jet_Pt[nJets]------121.37
  jet.pt()  = 109.056=======__jet.eta()+++ -0.273094
after JER() = 108.542========_jet.eta()+++ -0.273094______Jet_Pt[nJets]------108.542
  jet.pt()  = 68.6284=======__jet.eta()+++ -0.999757
after JER() = 69.716========_jet.eta()+++ -0.999757______Jet_Pt[nJets]------69.716
  jet.pt()  = 34.9609=======__jet.eta()+++ -0.749248
after JER() = 35.1082========_jet.eta()+++ -0.749248______Jet_Pt[nJets]------35.1082
  jet.pt()  = 23.3049=======__jet.eta()+++ -2.80242
  jet.pt()  = 16.3724=======__jet.eta()+++ -1.92107
  jet.pt()  = 15.4334=======__jet.eta()+++ -3.13714
  jet.pt()  = 14.1717=======__jet.eta()+++ -3.12619
  jet.pt()  = 14.095=======__jet.eta()+++ -1.53191
  jet.pt()  = 12.5537=======__jet.eta()+++ -2.19375
  jet.pt()  = 105.817=======__jet.eta()+++ 1.03859
after JER() = 106.474========_jet.eta()+++ 1.03859______Jet_Pt[nJets]------106.474
  jet.pt()  = 94.9966=======__jet.eta()+++ 1.44308
after JER() = 90.7449========_jet.eta()+++ 1.44308______Jet_Pt[nJets]------90.7449
  jet.pt()  = 77.474=======__jet.eta()+++ -0.0582222
after JER() = 76.1061========_jet.eta()+++ -0.0582222______Jet_Pt[nJets]------76.1061
  jet.pt()  = 42.7076=======__jet.eta()+++ 1.31205
after JER() = 44.3175========_jet.eta()+++ 1.31205______Jet_Pt[nJets]------44.3175
  jet.pt()  = 25.5871=======__jet.eta()+++ -0.500353
  jet.pt()  = 20.6259=======__jet.eta()+++ 3.69397
  jet.pt()  = 13.2061=======__jet.eta()+++ -3.16559
  jet.pt()  = 12.4924=======__jet.eta()+++ 4.43334
  jet.pt()  = 11.8393=======__jet.eta()+++ 0.371952
  jet.pt()  = 11.7542=======__jet.eta()+++ 3.08149
  jet.pt()  = 11.1586=======__jet.eta()+++ -0.831761
  jet.pt()  = 11.0803=======__jet.eta()+++ -1.11237
  jet.pt()  = 10.9093=======__jet.eta()+++ -2.27103
  jet.pt()  = 10.5671=======__jet.eta()+++ 3.23589
  jet.pt()  = 10.1832=======__jet.eta()+++ 0.590352
  jet.pt()  = 102.103=======__jet.eta()+++ -1.80072
after JER() = 101.882========_jet.eta()+++ -1.80072______Jet_Pt[nJets]------101.882
  jet.pt()  = 89.2254=======__jet.eta()+++ -2.01217
after JER() = 89.3818========_jet.eta()+++ -2.01217______Jet_Pt[nJets]------89.3818
  jet.pt()  = 57.0842=======__jet.eta()+++ -2.10418
after JER() = 57.0817========_jet.eta()+++ -2.10418______Jet_Pt[nJets]------57.0817
  jet.pt()  = 42.5042=======__jet.eta()+++ -2.30712
after JER() = 42.9452========_jet.eta()+++ -2.30712______Jet_Pt[nJets]------42.9452
  jet.pt()  = 39.8298=======__jet.eta()+++ -1.00849
after JER() = 38.26========_jet.eta()+++ -1.00849______Jet_Pt[nJets]------38.26
  jet.pt()  = 17.2232=======__jet.eta()+++ 3.8886
  jet.pt()  = 16.4315=======__jet.eta()+++ 4.45542
  jet.pt()  = 16.199=======__jet.eta()+++ 2.80289
  jet.pt()  = 16.1914=======__jet.eta()+++ 0.157313
  jet.pt()  = 16.0188=======__jet.eta()+++ 2.04287
  jet.pt()  = 14.0503=======__jet.eta()+++ -0.382001
  jet.pt()  = 12.9301=======__jet.eta()+++ 3.46607
  jet.pt()  = 11.7295=======__jet.eta()+++ 2.97308
  jet.pt()  = 10.7431=======__jet.eta()+++ -0.342835
  jet.pt()  = 10.3368=======__jet.eta()+++ 0.55381
  jet.pt()  = 10.2319=======__jet.eta()+++ -2.3662
  jet.pt()  = 89.7776=======__jet.eta()+++ -0.920388
after JER() = 89.7935========_jet.eta()+++ -0.920388______Jet_Pt[nJets]------89.7935
  jet.pt()  = 57.8216=======__jet.eta()+++ -0.787823
after JER() = 58.2157========_jet.eta()+++ -0.787823______Jet_Pt[nJets]------58.2157
  jet.pt()  = 48.7429=======__jet.eta()+++ -0.301989
after JER() = 48.1682========_jet.eta()+++ -0.301989______Jet_Pt[nJets]------48.1682
  jet.pt()  = 32.8286=======__jet.eta()+++ -4.40848
  jet.pt()  = 24.2115=======__jet.eta()+++ -0.493452
  jet.pt()  = 22.9981=======__jet.eta()+++ -2.59393
  jet.pt()  = 16.4064=======__jet.eta()+++ 3.41062
  jet.pt()  = 16.0846=======__jet.eta()+++ 1.25956
  jet.pt()  = 15.5316=======__jet.eta()+++ 1.48539
  jet.pt()  = 12.4909=======__jet.eta()+++ -2.36585
  jet.pt()  = 109.835=======__jet.eta()+++ 0.231464
after JER() = 112.417========_jet.eta()+++ 0.231464______Jet_Pt[nJets]------112.417
  jet.pt()  = 57.1144=======__jet.eta()+++ 1.03948
after JER() = 55.0248========_jet.eta()+++ 1.03948______Jet_Pt[nJets]------55.0248
  jet.pt()  = 48.7809=======__jet.eta()+++ 2.13949
after JER() = 48.7786========_jet.eta()+++ 2.13949______Jet_Pt[nJets]------48.7786
  jet.pt()  = 45.9648=======__jet.eta()+++ 1.27888
after JER() = 45.9745========_jet.eta()+++ 1.27888______Jet_Pt[nJets]------45.9745
  jet.pt()  = 29.6634=======__jet.eta()+++ 0.961483
  jet.pt()  = 12.33=======__jet.eta()+++ 3.13598
  jet.pt()  = 10.8912=======__jet.eta()+++ 3.03178
  jet.pt()  = 10.6779=======__jet.eta()+++ -1.54564
  jet.pt()  = 160.954=======__jet.eta()+++ 3.24182
  jet.pt()  = 146.2=======__jet.eta()+++ 0.222415
after JER() = 143.87========_jet.eta()+++ 0.222415______Jet_Pt[nJets]------143.87
  jet.pt()  = 86.5542=======__jet.eta()+++ 1.11323
after JER() = 86.3404========_jet.eta()+++ 1.11323______Jet_Pt[nJets]------86.3404
  jet.pt()  = 81.4498=======__jet.eta()+++ 0.236944
after JER() = 80.9942========_jet.eta()+++ 0.236944______Jet_Pt[nJets]------80.9942
  jet.pt()  = 64.6226=======__jet.eta()+++ 0.0861123
after JER() = 65.0819========_jet.eta()+++ 0.0861123______Jet_Pt[nJets]------65.0819
  jet.pt()  = 41.5279=======__jet.eta()+++ -1.73883
after JER() = 41.4854========_jet.eta()+++ -1.73883______Jet_Pt[nJets]------41.4854
  jet.pt()  = 27.4028=======__jet.eta()+++ 0.600845
  jet.pt()  = 26.0838=======__jet.eta()+++ -1.32575
  jet.pt()  = 16.7609=======__jet.eta()+++ 0.56951
  jet.pt()  = 14.5422=======__jet.eta()+++ 4.26664
  jet.pt()  = 13.9235=======__jet.eta()+++ 1.48302
  jet.pt()  = 13.309=======__jet.eta()+++ -2.8012
  jet.pt()  = 12.845=======__jet.eta()+++ -0.946305
  jet.pt()  = 11.6567=======__jet.eta()+++ -3.33505
  jet.pt()  = 11.5335=======__jet.eta()+++ -4.95317
  jet.pt()  = 10.5935=======__jet.eta()+++ 2.95907
  jet.pt()  = 10.5212=======__jet.eta()+++ 3.52891
  jet.pt()  = 125.535=======__jet.eta()+++ 0.7807
  jet.pt()  = 70.1747=======__jet.eta()+++ -0.879904
after JER() = 71.0395========_jet.eta()+++ -0.879904______Jet_Pt[nJets]------71.0395
  jet.pt()  = 67.6327=======__jet.eta()+++ -0.0883991
after JER() = 67.7413========_jet.eta()+++ -0.0883991______Jet_Pt[nJets]------67.7413
  jet.pt()  = 57.5384=======__jet.eta()+++ 1.23612
after JER() = 57.4608========_jet.eta()+++ 1.23612______Jet_Pt[nJets]------57.4608
  jet.pt()  = 34.8257=======__jet.eta()+++ 1.14187
after JER() = 34.9135========_jet.eta()+++ 1.14187______Jet_Pt[nJets]------34.9135
  jet.pt()  = 24.9512=======__jet.eta()+++ 1.70062
  jet.pt()  = 19.533=======__jet.eta()+++ 3.12741
  jet.pt()  = 17.9904=======__jet.eta()+++ 1.44374
  jet.pt()  = 17.2105=======__jet.eta()+++ -1.75634
  jet.pt()  = 16.7891=======__jet.eta()+++ -3.3674
  jet.pt()  = 16.3094=======__jet.eta()+++ 0.162627
  jet.pt()  = 13.9563=======__jet.eta()+++ -1.68736
  jet.pt()  = 13.5539=======__jet.eta()+++ 2.84237
  jet.pt()  = 13.2384=======__jet.eta()+++ 3.40614
  jet.pt()  = 11.2593=======__jet.eta()+++ 3.72414
  jet.pt()  = 137.253=======__jet.eta()+++ -2.66778
  jet.pt()  = 88.7725=======__jet.eta()+++ -0.488929
after JER() = 89.3062========_jet.eta()+++ -0.488929______Jet_Pt[nJets]------89.3062
  jet.pt()  = 37.769=======__jet.eta()+++ -2.23016
after JER() = 37.7855========_jet.eta()+++ -2.23016______Jet_Pt[nJets]------37.7855
  jet.pt()  = 31.7104=======__jet.eta()+++ -1.97338
after JER() = 31.9312========_jet.eta()+++ -1.97338______Jet_Pt[nJets]------31.9312
  jet.pt()  = 30.8688=======__jet.eta()+++ -2.36793
after JER() = 31.2263========_jet.eta()+++ -2.36793______Jet_Pt[nJets]------31.2263
  jet.pt()  = 27.3584=======__jet.eta()+++ 0.344914
  jet.pt()  = 24.4413=======__jet.eta()+++ -2.59802
  jet.pt()  = 22.2218=======__jet.eta()+++ -1.33156
  jet.pt()  = 12.1954=======__jet.eta()+++ -2.51413
  jet.pt()  = 12.1257=======__jet.eta()+++ 2.62427
  jet.pt()  = 11.821=======__jet.eta()+++ -3.77581
  jet.pt()  = 121.563=======__jet.eta()+++ 2.97293
  jet.pt()  = 91.2199=======__jet.eta()+++ 1.04806
after JER() = 92.5932========_jet.eta()+++ 1.04806______Jet_Pt[nJets]------92.5932
  jet.pt()  = 54.0667=======__jet.eta()+++ 2.36486
after JER() = 53.8095========_jet.eta()+++ 2.36486______Jet_Pt[nJets]------53.8095
  jet.pt()  = 45.9533=======__jet.eta()+++ 1.42819
after JER() = 45.7765========_jet.eta()+++ 1.42819______Jet_Pt[nJets]------45.7765
  jet.pt()  = 24.2473=======__jet.eta()+++ -0.129611
  jet.pt()  = 21.9642=======__jet.eta()+++ 3.59867
  jet.pt()  = 21.7762=======__jet.eta()+++ -1.4157
  jet.pt()  = 18.0675=======__jet.eta()+++ -2.42377
  jet.pt()  = 17.712=======__jet.eta()+++ 3.19927
  jet.pt()  = 15.4189=======__jet.eta()+++ -0.694241
  jet.pt()  = 14.7044=======__jet.eta()+++ 2.04454
  jet.pt()  = 13.3923=======__jet.eta()+++ -2.8186
  jet.pt()  = 12.8451=======__jet.eta()+++ -1.62526
  jet.pt()  = 12.7087=======__jet.eta()+++ 1.34094
  jet.pt()  = 11.9602=======__jet.eta()+++ 4.32917
  jet.pt()  = 10.7172=======__jet.eta()+++ 2.74964
  jet.pt()  = 101.561=======__jet.eta()+++ -0.00467865
after JER() = 101.346========_jet.eta()+++ -0.00467865______Jet_Pt[nJets]------101.346
  jet.pt()  = 62.3166=======__jet.eta()+++ 0.268434
  jet.pt()  = 47.0143=======__jet.eta()+++ -3.1221
  jet.pt()  = 34.2242=======__jet.eta()+++ 0.601653
after JER() = 33.25========_jet.eta()+++ 0.601653______Jet_Pt[nJets]------33.25
  jet.pt()  = 32.9631=======__jet.eta()+++ 0.774773
after JER() = 33.5773========_jet.eta()+++ 0.774773______Jet_Pt[nJets]------33.5773
  jet.pt()  = 32.6567=======__jet.eta()+++ 1.0971
after JER() = 33.8589========_jet.eta()+++ 1.0971______Jet_Pt[nJets]------33.8589
  jet.pt()  = 30.3372=======__jet.eta()+++ 1.69624
after JER() = 31.1093========_jet.eta()+++ 1.69624______Jet_Pt[nJets]------31.1093
  jet.pt()  = 16.0673=======__jet.eta()+++ -2.76736
  jet.pt()  = 14.7451=======__jet.eta()+++ 3.47882
  jet.pt()  = 13.3372=======__jet.eta()+++ 2.23597
  jet.pt()  = 12.8557=======__jet.eta()+++ 3.7291
  jet.pt()  = 11.809=======__jet.eta()+++ 1.40782
  jet.pt()  = 10.6341=======__jet.eta()+++ -3.95429
  jet.pt()  = 10.0021=======__jet.eta()+++ -4.90293
  jet.pt()  = 115.628=======__jet.eta()+++ -0.0335783
after JER() = 116.941========_jet.eta()+++ -0.0335783______Jet_Pt[nJets]------116.941
  jet.pt()  = 52.4894=======__jet.eta()+++ 0.682506
after JER() = 53.6589========_jet.eta()+++ 0.682506______Jet_Pt[nJets]------53.6589
  jet.pt()  = 37.827=======__jet.eta()+++ 1.1119
after JER() = 38.0267========_jet.eta()+++ 1.1119______Jet_Pt[nJets]------38.0267
  jet.pt()  = 32.6565=======__jet.eta()+++ -2.81566
  jet.pt()  = 28.2321=======__jet.eta()+++ 3.58283
  jet.pt()  = 24.378=======__jet.eta()+++ -0.641414
  jet.pt()  = 22.1501=======__jet.eta()+++ 1.5697
  jet.pt()  = 19.0844=======__jet.eta()+++ 1.47837
  jet.pt()  = 17.2527=======__jet.eta()+++ -0.758638
  jet.pt()  = 14.4996=======__jet.eta()+++ 0.0780695
  jet.pt()  = 13.5404=======__jet.eta()+++ 0.923767
  jet.pt()  = 10.8068=======__jet.eta()+++ -1.68834
  jet.pt()  = 91.1966=======__jet.eta()+++ -0.934138
after JER() = 90.9403========_jet.eta()+++ -0.934138______Jet_Pt[nJets]------90.9403
  jet.pt()  = 67.635=======__jet.eta()+++ -2.11866
after JER() = 67.6427========_jet.eta()+++ -2.11866______Jet_Pt[nJets]------67.6427
  jet.pt()  = 20.2903=======__jet.eta()+++ 0.153754
  jet.pt()  = 17.4569=======__jet.eta()+++ -3.09644
  jet.pt()  = 17.0836=======__jet.eta()+++ -0.154677
  jet.pt()  = 13.8796=======__jet.eta()+++ -3.49577
  jet.pt()  = 12.0411=======__jet.eta()+++ -0.758992
  jet.pt()  = 11.5664=======__jet.eta()+++ -1.20099
  jet.pt()  = 11.4565=======__jet.eta()+++ -1.40413
  jet.pt()  = 11.3338=======__jet.eta()+++ 4.40516
  jet.pt()  = 11.3207=======__jet.eta()+++ -2.93709
  jet.pt()  = 11.149=======__jet.eta()+++ -4.15506
  jet.pt()  = 10.5645=======__jet.eta()+++ 0.500852
  jet.pt()  = 115.64=======__jet.eta()+++ -0.83538
after JER() = 114.801========_jet.eta()+++ -0.83538______Jet_Pt[nJets]------114.801
  jet.pt()  = 78.6499=======__jet.eta()+++ -2.28136
after JER() = 78.6526========_jet.eta()+++ -2.28136______Jet_Pt[nJets]------78.6526
  jet.pt()  = 74.5382=======__jet.eta()+++ -1.36903
after JER() = 75.4786========_jet.eta()+++ -1.36903______Jet_Pt[nJets]------75.4786
  jet.pt()  = 63.6446=======__jet.eta()+++ -1.62548
after JER() = 63.6141========_jet.eta()+++ -1.62548______Jet_Pt[nJets]------63.6141
  jet.pt()  = 22.3996=======__jet.eta()+++ -0.0576542
  jet.pt()  = 20.5866=======__jet.eta()+++ 3.3648
  jet.pt()  = 19.6368=======__jet.eta()+++ -3.1235
  jet.pt()  = 17.2336=======__jet.eta()+++ 3.56394
  jet.pt()  = 16.9796=======__jet.eta()+++ -2.93675
  jet.pt()  = 13.3939=======__jet.eta()+++ -0.0631901
  jet.pt()  = 12.3242=======__jet.eta()+++ -2.74904
  jet.pt()  = 11.5451=======__jet.eta()+++ 3.21414
  jet.pt()  = 11.1021=======__jet.eta()+++ 2.88728
  jet.pt()  = 174.789=======__jet.eta()+++ -2.73537
  jet.pt()  = 78.0808=======__jet.eta()+++ -3.55311
  jet.pt()  = 71.5263=======__jet.eta()+++ 0.387671
after JER() = 71.7725========_jet.eta()+++ 0.387671______Jet_Pt[nJets]------71.7725
  jet.pt()  = 49.3623=======__jet.eta()+++ -0.446072
after JER() = 48.7416========_jet.eta()+++ -0.446072______Jet_Pt[nJets]------48.7416
  jet.pt()  = 41.7772=======__jet.eta()+++ -4.19025
  jet.pt()  = 40.005=======__jet.eta()+++ 0.116466
after JER() = 39.7632========_jet.eta()+++ 0.116466______Jet_Pt[nJets]------39.7632
  jet.pt()  = 35.9234=======__jet.eta()+++ 3.74675
  jet.pt()  = 29.054=======__jet.eta()+++ -1.81623
  jet.pt()  = 26.8076=======__jet.eta()+++ -2.71727
  jet.pt()  = 15.648=======__jet.eta()+++ 3.27898
  jet.pt()  = 14.436=======__jet.eta()+++ -2.98534
  jet.pt()  = 13.928=======__jet.eta()+++ 3.28546
  jet.pt()  = 13.9256=======__jet.eta()+++ 3.89087
  jet.pt()  = 12.475=======__jet.eta()+++ -2.31597
  jet.pt()  = 12.4027=======__jet.eta()+++ 3.54631
  jet.pt()  = 10.6696=======__jet.eta()+++ 3.3286
  jet.pt()  = 10.6506=======__jet.eta()+++ -1.91356
  jet.pt()  = 10.43=======__jet.eta()+++ -0.353941
  jet.pt()  = 10.264=======__jet.eta()+++ -3.89387
  jet.pt()  = 10.1028=======__jet.eta()+++ 1.23484
  jet.pt()  = 99.917=======__jet.eta()+++ 0.682135
after JER() = 100.442========_jet.eta()+++ 0.682135______Jet_Pt[nJets]------100.442
  jet.pt()  = 74.9053=======__jet.eta()+++ -1.08388
after JER() = 75.2874========_jet.eta()+++ -1.08388______Jet_Pt[nJets]------75.2874
  jet.pt()  = 41.5559=======__jet.eta()+++ -3.56118
  jet.pt()  = 40.1532=======__jet.eta()+++ 0.567193
after JER() = 40.0205========_jet.eta()+++ 0.567193______Jet_Pt[nJets]------40.0205
  jet.pt()  = 37.2212=======__jet.eta()+++ -0.0774067
after JER() = 37.3351========_jet.eta()+++ -0.0774067______Jet_Pt[nJets]------37.3351
  jet.pt()  = 25.4749=======__jet.eta()+++ -1.12613
  jet.pt()  = 19.3604=======__jet.eta()+++ 3.38356
  jet.pt()  = 16.3604=======__jet.eta()+++ -3.99718
  jet.pt()  = 10.9799=======__jet.eta()+++ 0.207075
  jet.pt()  = 10.4241=======__jet.eta()+++ -1.30507
  jet.pt()  = 81.4357=======__jet.eta()+++ 1.65151
after JER() = 82.2805========_jet.eta()+++ 1.65151______Jet_Pt[nJets]------82.2805
  jet.pt()  = 59.1063=======__jet.eta()+++ 1.50065
after JER() = 58.2824========_jet.eta()+++ 1.50065______Jet_Pt[nJets]------58.2824
  jet.pt()  = 52.6296=======__jet.eta()+++ -0.87031
after JER() = 52.0119========_jet.eta()+++ -0.87031______Jet_Pt[nJets]------52.0119
  jet.pt()  = 43.9017=======__jet.eta()+++ 1.06255
after JER() = 45.0567========_jet.eta()+++ 1.06255______Jet_Pt[nJets]------45.0567
  jet.pt()  = 29.9802=======__jet.eta()+++ -1.11747
after JER() = 30.1259========_jet.eta()+++ -1.11747______Jet_Pt[nJets]------30.1259
  jet.pt()  = 25.632=======__jet.eta()+++ -3.05465
  jet.pt()  = 18.426=======__jet.eta()+++ 1.55195
  jet.pt()  = 15.3374=======__jet.eta()+++ -4.38195
  jet.pt()  = 14.8231=======__jet.eta()+++ 0.863334
  jet.pt()  = 14.6014=======__jet.eta()+++ -2.84716
  jet.pt()  = 12.9162=======__jet.eta()+++ 3.48708
  jet.pt()  = 12.8825=======__jet.eta()+++ -2.51
  jet.pt()  = 12.3597=======__jet.eta()+++ -0.821181
  jet.pt()  = 11.2929=======__jet.eta()+++ -0.699415
  jet.pt()  = 10.8709=======__jet.eta()+++ -2.269
  jet.pt()  = 10.8062=======__jet.eta()+++ 0.361562
  jet.pt()  = 10.772=======__jet.eta()+++ -2.28716
  jet.pt()  = 10.5614=======__jet.eta()+++ -4.57578
  jet.pt()  = 10.2812=======__jet.eta()+++ 0.650941
  jet.pt()  = 190.605=======__jet.eta()+++ -0.664673
after JER() = 191.31========_jet.eta()+++ -0.664673______Jet_Pt[nJets]------191.31
  jet.pt()  = 66.8896=======__jet.eta()+++ -1.45441
after JER() = 66.0244========_jet.eta()+++ -1.45441______Jet_Pt[nJets]------66.0244
  jet.pt()  = 64.0124=======__jet.eta()+++ -0.85649
after JER() = 65.2748========_jet.eta()+++ -0.85649______Jet_Pt[nJets]------65.2748
  jet.pt()  = 47.4652=======__jet.eta()+++ -3.43306
  jet.pt()  = 43.823=======__jet.eta()+++ -0.109388
after JER() = 45.1206========_jet.eta()+++ -0.109388______Jet_Pt[nJets]------45.1206
  jet.pt()  = 29.2659=======__jet.eta()+++ -1.9118
  jet.pt()  = 23.1993=======__jet.eta()+++ -2.11737
  jet.pt()  = 20.8263=======__jet.eta()+++ -3.9037
  jet.pt()  = 18.9381=======__jet.eta()+++ 0.554883
  jet.pt()  = 16.6214=======__jet.eta()+++ 1.13205
  jet.pt()  = 16.3804=======__jet.eta()+++ -3.23997
  jet.pt()  = 14.5664=======__jet.eta()+++ -0.482842
  jet.pt()  = 13.4289=======__jet.eta()+++ -2.71964
  jet.pt()  = 12.1238=======__jet.eta()+++ -0.414953
  jet.pt()  = 11.761=======__jet.eta()+++ -2.47863
  jet.pt()  = 10.0795=======__jet.eta()+++ -4.51245
  jet.pt()  = 75.2015=======__jet.eta()+++ 0.777391
  jet.pt()  = 72.1563=======__jet.eta()+++ 2.10367
after JER() = 72.1506========_jet.eta()+++ 2.10367______Jet_Pt[nJets]------72.1506
  jet.pt()  = 64.4933=======__jet.eta()+++ 0.666817
after JER() = 64.2046========_jet.eta()+++ 0.666817______Jet_Pt[nJets]------64.2046
  jet.pt()  = 32.0941=======__jet.eta()+++ 0.07325
after JER() = 32.5791========_jet.eta()+++ 0.07325______Jet_Pt[nJets]------32.5791
  jet.pt()  = 27.1646=======__jet.eta()+++ -0.664829
  jet.pt()  = 20.6414=======__jet.eta()+++ -3.3016
  jet.pt()  = 17.4904=======__jet.eta()+++ 1.17588
  jet.pt()  = 14.4767=======__jet.eta()+++ -0.758542
  jet.pt()  = 12.9785=======__jet.eta()+++ -3.56702
  jet.pt()  = 12.4296=======__jet.eta()+++ 1.8635
  jet.pt()  = 10.6047=======__jet.eta()+++ 3.16579
  jet.pt()  = 59.032=======__jet.eta()+++ 3.0084
  jet.pt()  = 46.4082=======__jet.eta()+++ 2.0456
after JER() = 45.6794========_jet.eta()+++ 2.0456______Jet_Pt[nJets]------45.6794
  jet.pt()  = 41.8959=======__jet.eta()+++ -1.00919
after JER() = 42.5032========_jet.eta()+++ -1.00919______Jet_Pt[nJets]------42.5032
  jet.pt()  = 36.3502=======__jet.eta()+++ -0.120125
after JER() = 35.1114========_jet.eta()+++ -0.120125______Jet_Pt[nJets]------35.1114
  jet.pt()  = 35.7478=======__jet.eta()+++ 2.66445
  jet.pt()  = 28.4848=======__jet.eta()+++ 1.49759
  jet.pt()  = 27.9402=======__jet.eta()+++ -1.04016
  jet.pt()  = 17.4934=======__jet.eta()+++ -2.79505
  jet.pt()  = 15.0678=======__jet.eta()+++ 2.47537
  jet.pt()  = 11.8914=======__jet.eta()+++ -3.15002
  jet.pt()  = 11.4074=======__jet.eta()+++ -2.97833
  jet.pt()  = 10.3289=======__jet.eta()+++ -1.40714
  jet.pt()  = 202.751=======__jet.eta()+++ 1.03427
after JER() = 201.577========_jet.eta()+++ 1.03427______Jet_Pt[nJets]------201.577
  jet.pt()  = 123.095=======__jet.eta()+++ 1.8076
after JER() = 123.052========_jet.eta()+++ 1.8076______Jet_Pt[nJets]------123.052
  jet.pt()  = 63.5917=======__jet.eta()+++ -0.761832
after JER() = 63.0859========_jet.eta()+++ -0.761832______Jet_Pt[nJets]------63.0859
  jet.pt()  = 46.9617=======__jet.eta()+++ -1.41963
after JER() = 48.0813========_jet.eta()+++ -1.41963______Jet_Pt[nJets]------48.0813
  jet.pt()  = 31.3935=======__jet.eta()+++ -0.576128
after JER() = 30.3391========_jet.eta()+++ -0.576128______Jet_Pt[nJets]------30.3391
  jet.pt()  = 27.4693=======__jet.eta()+++ -2.14534
  jet.pt()  = 26.2152=======__jet.eta()+++ 0.0997938
  jet.pt()  = 17.1066=======__jet.eta()+++ -0.656519
  jet.pt()  = 16.7352=======__jet.eta()+++ 3.30022
  jet.pt()  = 16.2595=======__jet.eta()+++ -4.96937
  jet.pt()  = 15.798=======__jet.eta()+++ -2.88571
  jet.pt()  = 13.0007=======__jet.eta()+++ 1.3525
  jet.pt()  = 12.3288=======__jet.eta()+++ 0.538753
  jet.pt()  = 11.3348=======__jet.eta()+++ -3.1979
  jet.pt()  = 10.2768=======__jet.eta()+++ -1.02764
  jet.pt()  = 10.0482=======__jet.eta()+++ 2.8273
  jet.pt()  = 144.874=======__jet.eta()+++ -0.27708
  jet.pt()  = 133.058=======__jet.eta()+++ -0.284967
after JER() = 133.875========_jet.eta()+++ -0.284967______Jet_Pt[nJets]------133.875
  jet.pt()  = 54.1228=======__jet.eta()+++ 0.283609
  jet.pt()  = 36.7586=======__jet.eta()+++ -0.468665
after JER() = 36.6865========_jet.eta()+++ -0.468665______Jet_Pt[nJets]------36.6865
  jet.pt()  = 23.1435=======__jet.eta()+++ -3.08169
  jet.pt()  = 21.0311=======__jet.eta()+++ 1.65171
  jet.pt()  = 14.7655=======__jet.eta()+++ 0.441693
  jet.pt()  = 13.5586=======__jet.eta()+++ -3.36085
  jet.pt()  = 12.236=======__jet.eta()+++ -2.79947
  jet.pt()  = 12.0568=======__jet.eta()+++ -2.35759
  jet.pt()  = 72.5468=======__jet.eta()+++ 1.2791
after JER() = 72.5324========_jet.eta()+++ 1.2791______Jet_Pt[nJets]------72.5324
  jet.pt()  = 55.178=======__jet.eta()+++ 0.12796
after JER() = 55.3988========_jet.eta()+++ 0.12796______Jet_Pt[nJets]------55.3988
  jet.pt()  = 46.5335=======__jet.eta()+++ 1.54169
after JER() = 46.6597========_jet.eta()+++ 1.54169______Jet_Pt[nJets]------46.6597
  jet.pt()  = 41.6088=======__jet.eta()+++ 0.860222
after JER() = 34.3125========_jet.eta()+++ 0.860222______Jet_Pt[nJets]------34.3125
  jet.pt()  = 35.1282=======__jet.eta()+++ 1.21521
after JER() = 35.1282========_jet.eta()+++ 1.21521______Jet_Pt[nJets]------35.1282
  jet.pt()  = 19.0774=======__jet.eta()+++ -1.98892
  jet.pt()  = 17.9642=======__jet.eta()+++ 2.77552
  jet.pt()  = 15.935=======__jet.eta()+++ -1.73375
  jet.pt()  = 15.1721=======__jet.eta()+++ 0.706719
  jet.pt()  = 14.507=======__jet.eta()+++ -5.04851
  jet.pt()  = 14.246=======__jet.eta()+++ -4.28501
  jet.pt()  = 14.0001=======__jet.eta()+++ 3.56729
  jet.pt()  = 13.9193=======__jet.eta()+++ -0.405469
  jet.pt()  = 12.041=======__jet.eta()+++ 1.44256
  jet.pt()  = 11.9283=======__jet.eta()+++ -2.77408
  jet.pt()  = 11.7307=======__jet.eta()+++ 3.27582
  jet.pt()  = 10.7701=======__jet.eta()+++ 2.0312
  jet.pt()  = 10.5268=======__jet.eta()+++ 3.35044
  jet.pt()  = 10.0728=======__jet.eta()+++ 4.05942
  jet.pt()  = 10.0277=======__jet.eta()+++ 1.50458
  jet.pt()  = 168.62=======__jet.eta()+++ -0.918968
after JER() = 167.548========_jet.eta()+++ -0.918968______Jet_Pt[nJets]------167.548
  jet.pt()  = 107.525=======__jet.eta()+++ -1.71547
after JER() = 107.212========_jet.eta()+++ -1.71547______Jet_Pt[nJets]------107.212
  jet.pt()  = 80.1428=======__jet.eta()+++ -0.628534
after JER() = 79.2393========_jet.eta()+++ -0.628534______Jet_Pt[nJets]------79.2393
  jet.pt()  = 50.9926=======__jet.eta()+++ -1.82765
after JER() = 50.9352========_jet.eta()+++ -1.82765______Jet_Pt[nJets]------50.9352
  jet.pt()  = 43.9323=======__jet.eta()+++ -0.423627
after JER() = 44.6336========_jet.eta()+++ -0.423627______Jet_Pt[nJets]------44.6336
  jet.pt()  = 18.8354=======__jet.eta()+++ 0.182178
  jet.pt()  = 16.0547=======__jet.eta()+++ -0.5307
  jet.pt()  = 12.2819=======__jet.eta()+++ -3.36231
  jet.pt()  = 10.2=======__jet.eta()+++ 2.72265
  jet.pt()  = 10.1558=======__jet.eta()+++ -2.76068
  jet.pt()  = 10.108=======__jet.eta()+++ -0.0905977
  jet.pt()  = 130.411=======__jet.eta()+++ 0.200284
after JER() = 132.041========_jet.eta()+++ 0.200284______Jet_Pt[nJets]------132.041
  jet.pt()  = 84.3513=======__jet.eta()+++ -0.419953
after JER() = 86.6662========_jet.eta()+++ -0.419953______Jet_Pt[nJets]------86.6662
  jet.pt()  = 61.7207=======__jet.eta()+++ -0.0416545
after JER() = 62.2532========_jet.eta()+++ -0.0416545______Jet_Pt[nJets]------62.2532
  jet.pt()  = 57.4076=======__jet.eta()+++ 0.240669
after JER() = 56.4991========_jet.eta()+++ 0.240669______Jet_Pt[nJets]------56.4991
  jet.pt()  = 45.2561=======__jet.eta()+++ 0.637631
after JER() = 44.5658========_jet.eta()+++ 0.637631______Jet_Pt[nJets]------44.5658
  jet.pt()  = 38.9163=======__jet.eta()+++ 2.37285
after JER() = 39.2189========_jet.eta()+++ 2.37285______Jet_Pt[nJets]------39.2189
  jet.pt()  = 27.372=======__jet.eta()+++ -0.570936
  jet.pt()  = 17.2723=======__jet.eta()+++ -1.23491
  jet.pt()  = 15.039=======__jet.eta()+++ 2.25626
  jet.pt()  = 13.333=======__jet.eta()+++ -3.94324
  jet.pt()  = 11.9179=======__jet.eta()+++ 3.05386
  jet.pt()  = 11.1332=======__jet.eta()+++ 3.932
  jet.pt()  = 10.6254=======__jet.eta()+++ -4.97593
  jet.pt()  = 10.0177=======__jet.eta()+++ -0.535842
  jet.pt()  = 185.411=======__jet.eta()+++ 0.567766
after JER() = 188.064========_jet.eta()+++ 0.567766______Jet_Pt[nJets]------188.064
  jet.pt()  = 149.759=======__jet.eta()+++ 1.56203
after JER() = 150.24========_jet.eta()+++ 1.56203______Jet_Pt[nJets]------150.24
  jet.pt()  = 70.6441=======__jet.eta()+++ 1.77227
after JER() = 70.5826========_jet.eta()+++ 1.77227______Jet_Pt[nJets]------70.5826
  jet.pt()  = 66.2337=======__jet.eta()+++ 0.0238174
after JER() = 67.6063========_jet.eta()+++ 0.0238174______Jet_Pt[nJets]------67.6063
  jet.pt()  = 33.7099=======__jet.eta()+++ 1.17101
after JER() = 33.6963========_jet.eta()+++ 1.17101______Jet_Pt[nJets]------33.6963
  jet.pt()  = 30.1838=======__jet.eta()+++ 2.55463
  jet.pt()  = 29.5034=======__jet.eta()+++ 0.740599
after JER() = 30.8483========_jet.eta()+++ 0.740599______Jet_Pt[nJets]------30.8483
  jet.pt()  = 24.7145=======__jet.eta()+++ -2.92504
  jet.pt()  = 21.9555=======__jet.eta()+++ 3.19986
  jet.pt()  = 19.0692=======__jet.eta()+++ -1.10923
  jet.pt()  = 12.6584=======__jet.eta()+++ 4.06494
  jet.pt()  = 12.2735=======__jet.eta()+++ -0.79645
  jet.pt()  = 11.8601=======__jet.eta()+++ -2.66797
  jet.pt()  = 11.6189=======__jet.eta()+++ -1.24678
  jet.pt()  = 11.0335=======__jet.eta()+++ 0.326735
  jet.pt()  = 10.5373=======__jet.eta()+++ 3.28981
  jet.pt()  = 109.883=======__jet.eta()+++ -0.902339
after JER() = 113.252========_jet.eta()+++ -0.902339______Jet_Pt[nJets]------113.252
  jet.pt()  = 56.339=======__jet.eta()+++ 0.5572
after JER() = 56.2378========_jet.eta()+++ 0.5572______Jet_Pt[nJets]------56.2378
  jet.pt()  = 54.445=======__jet.eta()+++ -1.43401
after JER() = 54.1041========_jet.eta()+++ -1.43401______Jet_Pt[nJets]------54.1041
  jet.pt()  = 45.9524=======__jet.eta()+++ -0.55872
after JER() = 45.1065========_jet.eta()+++ -0.55872______Jet_Pt[nJets]------45.1065
  jet.pt()  = 29.2124=======__jet.eta()+++ 0.326772
  jet.pt()  = 24.6579=======__jet.eta()+++ 1.35432
  jet.pt()  = 20.3325=======__jet.eta()+++ 3.37476
  jet.pt()  = 20.0345=======__jet.eta()+++ 0.912885
  jet.pt()  = 19.3924=======__jet.eta()+++ 1.44808
  jet.pt()  = 13.1164=======__jet.eta()+++ 2.77892
  jet.pt()  = 10.8489=======__jet.eta()+++ 1.6343
  jet.pt()  = 80.1948=======__jet.eta()+++ 0.109689
after JER() = 79.8308========_jet.eta()+++ 0.109689______Jet_Pt[nJets]------79.8308
  jet.pt()  = 62.617=======__jet.eta()+++ 0.1636
after JER() = 62.3047========_jet.eta()+++ 0.1636______Jet_Pt[nJets]------62.3047
  jet.pt()  = 49.6525=======__jet.eta()+++ -1.04323
after JER() = 50.4092========_jet.eta()+++ -1.04323______Jet_Pt[nJets]------50.4092
  jet.pt()  = 34.3037=======__jet.eta()+++ -0.881996
after JER() = 33.6135========_jet.eta()+++ -0.881996______Jet_Pt[nJets]------33.6135
  jet.pt()  = 18.5451=======__jet.eta()+++ -0.923419
  jet.pt()  = 12.6873=======__jet.eta()+++ -0.00239001
  jet.pt()  = 12.5341=======__jet.eta()+++ 4.39026
  jet.pt()  = 11.8799=======__jet.eta()+++ 2.95958
  jet.pt()  = 10.0768=======__jet.eta()+++ 0.595756
  jet.pt()  = 67.032=======__jet.eta()+++ -0.699471
after JER() = 66.3089========_jet.eta()+++ -0.699471______Jet_Pt[nJets]------66.3089
  jet.pt()  = 59.7584=======__jet.eta()+++ -0.440755
  jet.pt()  = 55.4091=======__jet.eta()+++ -0.892723
after JER() = 56.4766========_jet.eta()+++ -0.892723______Jet_Pt[nJets]------56.4766
  jet.pt()  = 53.9886=======__jet.eta()+++ -1.25337
after JER() = 54.4077========_jet.eta()+++ -1.25337______Jet_Pt[nJets]------54.4077
  jet.pt()  = 16.9196=======__jet.eta()+++ -3.02475
  jet.pt()  = 16.4967=======__jet.eta()+++ 3.47885
  jet.pt()  = 15.4655=======__jet.eta()+++ 0.607303
  jet.pt()  = 15.3367=======__jet.eta()+++ -1.26617
  jet.pt()  = 14.8091=======__jet.eta()+++ -1.82656
  jet.pt()  = 13.0589=======__jet.eta()+++ 4.1153
  jet.pt()  = 12.2542=======__jet.eta()+++ -3.17189
  jet.pt()  = 11.6405=======__jet.eta()+++ -4.15215
  jet.pt()  = 10.6469=======__jet.eta()+++ 0.734605
  jet.pt()  = 296.873=======__jet.eta()+++ 1.9954
after JER() = 296.88========_jet.eta()+++ 1.9954______Jet_Pt[nJets]------296.88
  jet.pt()  = 117.954=======__jet.eta()+++ 1.51626
  jet.pt()  = 90.2239=======__jet.eta()+++ -0.887098
after JER() = 89.9017========_jet.eta()+++ -0.887098______Jet_Pt[nJets]------89.9017
  jet.pt()  = 87.8694=======__jet.eta()+++ 0.452982
after JER() = 88.3694========_jet.eta()+++ 0.452982______Jet_Pt[nJets]------88.3694
  jet.pt()  = 48.6885=======__jet.eta()+++ -0.215868
after JER() = 48.7536========_jet.eta()+++ -0.215868______Jet_Pt[nJets]------48.7536
  jet.pt()  = 30.8379=======__jet.eta()+++ 0.440918
after JER() = 31.3221========_jet.eta()+++ 0.440918______Jet_Pt[nJets]------31.3221
  jet.pt()  = 29.946=======__jet.eta()+++ 1.29283
  jet.pt()  = 29.7993=======__jet.eta()+++ -0.419607
after JER() = 30.4086========_jet.eta()+++ -0.419607______Jet_Pt[nJets]------30.4086
  jet.pt()  = 19.3638=======__jet.eta()+++ -0.191389
  jet.pt()  = 16.664=======__jet.eta()+++ 1.2039
  jet.pt()  = 16.0086=======__jet.eta()+++ 0.375201
  jet.pt()  = 14.4713=======__jet.eta()+++ -0.58747
  jet.pt()  = 11.7429=======__jet.eta()+++ 4.64005
  jet.pt()  = 11.3912=======__jet.eta()+++ 2.73402
  jet.pt()  = 93.3295=======__jet.eta()+++ 0.208006
after JER() = 93.5148========_jet.eta()+++ 0.208006______Jet_Pt[nJets]------93.5148
  jet.pt()  = 60.9294=======__jet.eta()+++ 0.120152
after JER() = 59.8136========_jet.eta()+++ 0.120152______Jet_Pt[nJets]------59.8136
  jet.pt()  = 37.9806=======__jet.eta()+++ 0.109023
  jet.pt()  = 33.7923=======__jet.eta()+++ -2.40937
  jet.pt()  = 30.2009=======__jet.eta()+++ 0.475727
after JER() = 30.8779========_jet.eta()+++ 0.475727______Jet_Pt[nJets]------30.8779
  jet.pt()  = 24.1375=======__jet.eta()+++ 2.75496
  jet.pt()  = 23.3498=======__jet.eta()+++ 2.35626
  jet.pt()  = 20.6332=======__jet.eta()+++ 2.63925
  jet.pt()  = 19.9527=======__jet.eta()+++ 0.0358217
  jet.pt()  = 18.3656=======__jet.eta()+++ 0.247708
  jet.pt()  = 14.2014=======__jet.eta()+++ 2.4374
  jet.pt()  = 13.7642=======__jet.eta()+++ -3.75249
  jet.pt()  = 13.4619=======__jet.eta()+++ 3.04055
  jet.pt()  = 13.4307=======__jet.eta()+++ 1.83863
  jet.pt()  = 12.1251=======__jet.eta()+++ 1.80768
  jet.pt()  = 11.2667=======__jet.eta()+++ 0.884086
  jet.pt()  = 10.8537=======__jet.eta()+++ 1.62941
  jet.pt()  = 10.6203=======__jet.eta()+++ -3.62474
  jet.pt()  = 10.4243=======__jet.eta()+++ 0.788674
  jet.pt()  = 74.4374=======__jet.eta()+++ -2.28069
after JER() = 74.449========_jet.eta()+++ -2.28069______Jet_Pt[nJets]------74.449
  jet.pt()  = 46.2312=======__jet.eta()+++ -1.36752
after JER() = 47.3553========_jet.eta()+++ -1.36752______Jet_Pt[nJets]------47.3553
  jet.pt()  = 37.8291=======__jet.eta()+++ -1.00604
after JER() = 39.107========_jet.eta()+++ -1.00604______Jet_Pt[nJets]------39.107
  jet.pt()  = 31.273=======__jet.eta()+++ -0.275347
  jet.pt()  = 30.4792=======__jet.eta()+++ 0.214035
  jet.pt()  = 24.2884=======__jet.eta()+++ -3.73798
  jet.pt()  = 17.0706=======__jet.eta()+++ -2.29092
  jet.pt()  = 16.3443=======__jet.eta()+++ -1.6831
  jet.pt()  = 15.9962=======__jet.eta()+++ -0.371297
  jet.pt()  = 12.8748=======__jet.eta()+++ -3.41605
  jet.pt()  = 10.4416=======__jet.eta()+++ -4.2391
  jet.pt()  = 10.0663=======__jet.eta()+++ 3.45494
  jet.pt()  = 129.513=======__jet.eta()+++ 0.675673
after JER() = 129.213========_jet.eta()+++ 0.675673______Jet_Pt[nJets]------129.213
  jet.pt()  = 110.571=======__jet.eta()+++ 0.847062
after JER() = 106.886========_jet.eta()+++ 0.847062______Jet_Pt[nJets]------106.886
  jet.pt()  = 45.5992=======__jet.eta()+++ -0.296186
after JER() = 45.3311========_jet.eta()+++ -0.296186______Jet_Pt[nJets]------45.3311
  jet.pt()  = 43.4952=======__jet.eta()+++ 3.6917
  jet.pt()  = 31.3201=======__jet.eta()+++ 1.28903
after JER() = 31.8093========_jet.eta()+++ 1.28903______Jet_Pt[nJets]------31.8093
  jet.pt()  = 24.4447=======__jet.eta()+++ -2.5904
  jet.pt()  = 17.7515=======__jet.eta()+++ 2.6829
  jet.pt()  = 17.2027=======__jet.eta()+++ 1.40565
  jet.pt()  = 15.03=======__jet.eta()+++ -2.9605
  jet.pt()  = 14.929=======__jet.eta()+++ -2.58059
  jet.pt()  = 14.2446=======__jet.eta()+++ 1.60669
  jet.pt()  = 13.229=======__jet.eta()+++ -1.53112
  jet.pt()  = 12.4494=======__jet.eta()+++ -0.960162
  jet.pt()  = 11.9654=======__jet.eta()+++ 3.05369
  jet.pt()  = 103.845=======__jet.eta()+++ -0.714338
after JER() = 105.488========_jet.eta()+++ -0.714338______Jet_Pt[nJets]------105.488
  jet.pt()  = 97.6303=======__jet.eta()+++ 0.308826
after JER() = 96.4922========_jet.eta()+++ 0.308826______Jet_Pt[nJets]------96.4922
  jet.pt()  = 77.6936=======__jet.eta()+++ 0.982364
  jet.pt()  = 66.4839=======__jet.eta()+++ -3.69836
  jet.pt()  = 49.8831=======__jet.eta()+++ 1.00396
after JER() = 51.3444========_jet.eta()+++ 1.00396______Jet_Pt[nJets]------51.3444
  jet.pt()  = 15.2564=======__jet.eta()+++ 4.65315
  jet.pt()  = 11.4655=======__jet.eta()+++ 3.00575
  jet.pt()  = 10.657=======__jet.eta()+++ 2.85745
  jet.pt()  = 10.5875=======__jet.eta()+++ -3.04284
  jet.pt()  = 90.1774=======__jet.eta()+++ -0.285475
after JER() = 90.4838========_jet.eta()+++ -0.285475______Jet_Pt[nJets]------90.4838
  jet.pt()  = 57.5338=======__jet.eta()+++ -1.79516
  jet.pt()  = 23.7435=======__jet.eta()+++ 0.305613
  jet.pt()  = 22.3858=======__jet.eta()+++ -1.90866
  jet.pt()  = 20.0947=======__jet.eta()+++ -3.31493
  jet.pt()  = 19.8274=======__jet.eta()+++ -0.94082
  jet.pt()  = 17.8549=======__jet.eta()+++ 0.68985
  jet.pt()  = 16.6796=======__jet.eta()+++ 1.54523
  jet.pt()  = 11.6241=======__jet.eta()+++ 2.01587
  jet.pt()  = 11.0723=======__jet.eta()+++ 2.95064
  jet.pt()  = 10.0018=======__jet.eta()+++ -2.83124
  jet.pt()  = 73.9192=======__jet.eta()+++ 0.700336
after JER() = 75.2214========_jet.eta()+++ 0.700336______Jet_Pt[nJets]------75.2214
  jet.pt()  = 66.4607=======__jet.eta()+++ -0.290991
after JER() = 66.1108========_jet.eta()+++ -0.290991______Jet_Pt[nJets]------66.1108
  jet.pt()  = 52.0998=======__jet.eta()+++ 2.24952
after JER() = 52.1104========_jet.eta()+++ 2.24952______Jet_Pt[nJets]------52.1104
  jet.pt()  = 50.773=======__jet.eta()+++ 3.80903
  jet.pt()  = 38.6346=======__jet.eta()+++ -1.3822
after JER() = 38.3607========_jet.eta()+++ -1.3822______Jet_Pt[nJets]------38.3607
  jet.pt()  = 34.2294=======__jet.eta()+++ 2.7607
  jet.pt()  = 26.1645=======__jet.eta()+++ 2.85486
  jet.pt()  = 15.9751=======__jet.eta()+++ -2.61428
  jet.pt()  = 15.406=======__jet.eta()+++ 2.96279
  jet.pt()  = 15.0659=======__jet.eta()+++ -3.48395
  jet.pt()  = 14.8909=======__jet.eta()+++ 0.443715
  jet.pt()  = 14.6903=======__jet.eta()+++ -3.72147
  jet.pt()  = 14.6042=======__jet.eta()+++ -3.06956
  jet.pt()  = 14.2337=======__jet.eta()+++ -2.0284
  jet.pt()  = 14.2118=======__jet.eta()+++ -3.30556
  jet.pt()  = 13.0869=======__jet.eta()+++ 3.32111
  jet.pt()  = 11.3896=======__jet.eta()+++ 0.0696967
  jet.pt()  = 10.8403=======__jet.eta()+++ -0.752104
  jet.pt()  = 261.181=======__jet.eta()+++ -1.28374
after JER() = 261.557========_jet.eta()+++ -1.28374______Jet_Pt[nJets]------261.557
  jet.pt()  = 135.184=======__jet.eta()+++ 0.440231
after JER() = 134.74========_jet.eta()+++ 0.440231______Jet_Pt[nJets]------134.74
  jet.pt()  = 121.702=======__jet.eta()+++ -0.66404
after JER() = 123.363========_jet.eta()+++ -0.66404______Jet_Pt[nJets]------123.363
  jet.pt()  = 115.454=======__jet.eta()+++ -1.05424
after JER() = 114.953========_jet.eta()+++ -1.05424______Jet_Pt[nJets]------114.953
  jet.pt()  = 30.4162=======__jet.eta()+++ -0.197297
after JER() = 30.2789========_jet.eta()+++ -0.197297______Jet_Pt[nJets]------30.2789
  jet.pt()  = 28.4746=======__jet.eta()+++ 2.56978
  jet.pt()  = 13.4428=======__jet.eta()+++ 2.94141
  jet.pt()  = 11.6773=======__jet.eta()+++ -3.29285
  jet.pt()  = 10.7708=======__jet.eta()+++ 0.350439
  jet.pt()  = 146.86=======__jet.eta()+++ -0.612597
after JER() = 145.912========_jet.eta()+++ -0.612597______Jet_Pt[nJets]------145.912
  jet.pt()  = 103.706=======__jet.eta()+++ -0.224838
after JER() = 104.078========_jet.eta()+++ -0.224838______Jet_Pt[nJets]------104.078
  jet.pt()  = 58.4661=======__jet.eta()+++ 2.15205
after JER() = 58.4455========_jet.eta()+++ 2.15205______Jet_Pt[nJets]------58.4455
  jet.pt()  = 38.8224=======__jet.eta()+++ 0.317746
  jet.pt()  = 26.7812=======__jet.eta()+++ -0.15093
  jet.pt()  = 22.2388=======__jet.eta()+++ 0.0290902
  jet.pt()  = 21.2266=======__jet.eta()+++ 3.39207
  jet.pt()  = 20.7746=======__jet.eta()+++ 1.92686
  jet.pt()  = 17.9229=======__jet.eta()+++ -0.376539
  jet.pt()  = 16.4092=======__jet.eta()+++ 3.34427
  jet.pt()  = 13.1234=======__jet.eta()+++ -0.529381
  jet.pt()  = 11.1723=======__jet.eta()+++ -1.09018
  jet.pt()  = 10.9953=======__jet.eta()+++ 1.56577
  jet.pt()  = 10.4421=======__jet.eta()+++ -0.132646
  jet.pt()  = 10.3406=======__jet.eta()+++ -1.15637
  jet.pt()  = 186.407=======__jet.eta()+++ 1.56765
after JER() = 187.935========_jet.eta()+++ 1.56765______Jet_Pt[nJets]------187.935
  jet.pt()  = 160.583=======__jet.eta()+++ -1.43108
after JER() = 160.971========_jet.eta()+++ -1.43108______Jet_Pt[nJets]------160.971
  jet.pt()  = 109.214=======__jet.eta()+++ -1.58647
after JER() = 109.6========_jet.eta()+++ -1.58647______Jet_Pt[nJets]------109.6
  jet.pt()  = 72.3242=======__jet.eta()+++ 1.51775
after JER() = 72.409========_jet.eta()+++ 1.51775______Jet_Pt[nJets]------72.409
  jet.pt()  = 42.4187=======__jet.eta()+++ 2.79166
  jet.pt()  = 32.9436=======__jet.eta()+++ -2.15763
after JER() = 32.9521========_jet.eta()+++ -2.15763______Jet_Pt[nJets]------32.9521
  jet.pt()  = 26.3358=======__jet.eta()+++ -1.56608
  jet.pt()  = 17.5161=======__jet.eta()+++ -3.81573
  jet.pt()  = 15.8365=======__jet.eta()+++ -0.0882478
  jet.pt()  = 15.8036=======__jet.eta()+++ 2.01963
  jet.pt()  = 14.4796=======__jet.eta()+++ 0.97693
  jet.pt()  = 11.7072=======__jet.eta()+++ 1.58317
  jet.pt()  = 11.1903=======__jet.eta()+++ -2.88875
  jet.pt()  = 111.115=======__jet.eta()+++ 1.23762
after JER() = 110.593========_jet.eta()+++ 1.23762______Jet_Pt[nJets]------110.593
  jet.pt()  = 98.8496=======__jet.eta()+++ -0.228719
after JER() = 98.8278========_jet.eta()+++ -0.228719______Jet_Pt[nJets]------98.8278
  jet.pt()  = 52.1153=======__jet.eta()+++ 1.67653
after JER() = 52.3583========_jet.eta()+++ 1.67653______Jet_Pt[nJets]------52.3583
  jet.pt()  = 44.894=======__jet.eta()+++ -0.118308
after JER() = 45.15========_jet.eta()+++ -0.118308______Jet_Pt[nJets]------45.15
  jet.pt()  = 28.0529=======__jet.eta()+++ 2.08908
  jet.pt()  = 18.4231=======__jet.eta()+++ 0.591513
  jet.pt()  = 13.4138=======__jet.eta()+++ 2.65839
  jet.pt()  = 12.7239=======__jet.eta()+++ -0.024345
  jet.pt()  = 10.4316=======__jet.eta()+++ -4.47953
  jet.pt()  = 173.468=======__jet.eta()+++ -1.84133
after JER() = 173.585========_jet.eta()+++ -1.84133______Jet_Pt[nJets]------173.585
  jet.pt()  = 91.1424=======__jet.eta()+++ -0.804634
after JER() = 89.5933========_jet.eta()+++ -0.804634______Jet_Pt[nJets]------89.5933
  jet.pt()  = 44.0911=======__jet.eta()+++ 1.11912
after JER() = 43.9496========_jet.eta()+++ 1.11912______Jet_Pt[nJets]------43.9496
  jet.pt()  = 42.1486=======__jet.eta()+++ -1.17259
after JER() = 41.9397========_jet.eta()+++ -1.17259______Jet_Pt[nJets]------41.9397
  jet.pt()  = 23.0221=======__jet.eta()+++ -1.81311
  jet.pt()  = 19.2674=======__jet.eta()+++ -3.06083
  jet.pt()  = 18.7911=======__jet.eta()+++ 2.1579
  jet.pt()  = 16.1717=======__jet.eta()+++ 4.21084
  jet.pt()  = 15.2016=======__jet.eta()+++ -3.01756
  jet.pt()  = 14.9825=======__jet.eta()+++ 0.658576
  jet.pt()  = 14.8143=======__jet.eta()+++ 1.00609
  jet.pt()  = 14.066=======__jet.eta()+++ -3.58385
  jet.pt()  = 13.0933=======__jet.eta()+++ -3.64528
  jet.pt()  = 12.5649=======__jet.eta()+++ -2.47981
  jet.pt()  = 12.151=======__jet.eta()+++ -3.91844
  jet.pt()  = 12.1142=======__jet.eta()+++ 3.60084
  jet.pt()  = 10.9157=======__jet.eta()+++ -1.56914
  jet.pt()  = 10.8164=======__jet.eta()+++ -1.15114
  jet.pt()  = 10.3241=======__jet.eta()+++ 4.19856
  jet.pt()  = 57.8526=======__jet.eta()+++ -1.50563
after JER() = 58.0133========_jet.eta()+++ -1.50563______Jet_Pt[nJets]------58.0133
  jet.pt()  = 39.4383=======__jet.eta()+++ -1.98047
after JER() = 40.1605========_jet.eta()+++ -1.98047______Jet_Pt[nJets]------40.1605
  jet.pt()  = 36.6388=======__jet.eta()+++ -0.147234
after JER() = 36.9487========_jet.eta()+++ -0.147234______Jet_Pt[nJets]------36.9487
  jet.pt()  = 34.3098=======__jet.eta()+++ 0.626839
after JER() = 33.5586========_jet.eta()+++ 0.626839______Jet_Pt[nJets]------33.5586
  jet.pt()  = 18.2683=======__jet.eta()+++ -2.56755
  jet.pt()  = 13.0005=======__jet.eta()+++ 1.73968
  jet.pt()  = 12.0852=======__jet.eta()+++ 0.063104
  jet.pt()  = 10.3293=======__jet.eta()+++ 2.46969
  jet.pt()  = 81.6587=======__jet.eta()+++ -1.72181
after JER() = 81.7151========_jet.eta()+++ -1.72181______Jet_Pt[nJets]------81.7151
  jet.pt()  = 57.5292=======__jet.eta()+++ 0.91456
after JER() = 57.6087========_jet.eta()+++ 0.91456______Jet_Pt[nJets]------57.6087
  jet.pt()  = 55.277=======__jet.eta()+++ -0.23517
after JER() = 54.3823========_jet.eta()+++ -0.23517______Jet_Pt[nJets]------54.3823
  jet.pt()  = 44.5064=======__jet.eta()+++ 0.597017
after JER() = 44.4842========_jet.eta()+++ 0.597017______Jet_Pt[nJets]------44.4842
  jet.pt()  = 42.4971=======__jet.eta()+++ -0.714212
after JER() = 41.5116========_jet.eta()+++ -0.714212______Jet_Pt[nJets]------41.5116
  jet.pt()  = 27.3345=======__jet.eta()+++ -0.847234
  jet.pt()  = 24.8052=======__jet.eta()+++ 0.493508
  jet.pt()  = 13.2555=======__jet.eta()+++ 4.5796
  jet.pt()  = 12.576=======__jet.eta()+++ -1.95906
  jet.pt()  = 10.3484=======__jet.eta()+++ -4.95617
  jet.pt()  = 97.5703=======__jet.eta()+++ -2.8239
  jet.pt()  = 68.6644=======__jet.eta()+++ -0.776898
after JER() = 70.2654========_jet.eta()+++ -0.776898______Jet_Pt[nJets]------70.2654
  jet.pt()  = 49.6633=======__jet.eta()+++ -2.25725
after JER() = 49.6692========_jet.eta()+++ -2.25725______Jet_Pt[nJets]------49.6692
  jet.pt()  = 42.8693=======__jet.eta()+++ -0.505975
after JER() = 42.702========_jet.eta()+++ -0.505975______Jet_Pt[nJets]------42.702
  jet.pt()  = 38.7451=======__jet.eta()+++ -0.0194199
after JER() = 38.9361========_jet.eta()+++ -0.0194199______Jet_Pt[nJets]------38.9361
  jet.pt()  = 31.5263=======__jet.eta()+++ -2.68917
  jet.pt()  = 25.769=======__jet.eta()+++ -2.77698
  jet.pt()  = 20.8414=======__jet.eta()+++ -2.86813
  jet.pt()  = 20.1912=======__jet.eta()+++ -3.40913
  jet.pt()  = 20.0731=======__jet.eta()+++ 4.20193
  jet.pt()  = 17.9331=======__jet.eta()+++ -2.92727
  jet.pt()  = 12.7448=======__jet.eta()+++ 4.35112
  jet.pt()  = 11.8454=======__jet.eta()+++ 3.20118
  jet.pt()  = 11.6182=======__jet.eta()+++ 4.93118
  jet.pt()  = 10.8993=======__jet.eta()+++ -3.45993
  jet.pt()  = 35.2899=======__jet.eta()+++ -0.881898
after JER() = 34.7936========_jet.eta()+++ -0.881898______Jet_Pt[nJets]------34.7936
  jet.pt()  = 35.1445=======__jet.eta()+++ 0.88229
  jet.pt()  = 32.9848=======__jet.eta()+++ 1.44289
after JER() = 33.0647========_jet.eta()+++ 1.44289______Jet_Pt[nJets]------33.0647
  jet.pt()  = 32.7374=======__jet.eta()+++ 1.5199
after JER() = 33.1344========_jet.eta()+++ 1.5199______Jet_Pt[nJets]------33.1344
  jet.pt()  = 29.1311=======__jet.eta()+++ 0.910162
  jet.pt()  = 16.6632=======__jet.eta()+++ -1.32317
  jet.pt()  = 16.3424=======__jet.eta()+++ -3.19052
  jet.pt()  = 15.5343=======__jet.eta()+++ -0.404054
  jet.pt()  = 15.1693=======__jet.eta()+++ -2.93248
  jet.pt()  = 14.7013=======__jet.eta()+++ -1.4019
  jet.pt()  = 68.1803=======__jet.eta()+++ 0.287086
after JER() = 68.4656========_jet.eta()+++ 0.287086______Jet_Pt[nJets]------68.4656
  jet.pt()  = 58.6575=======__jet.eta()+++ -1.36597
after JER() = 55.6668========_jet.eta()+++ -1.36597______Jet_Pt[nJets]------55.6668
  jet.pt()  = 49.5946=======__jet.eta()+++ -0.91317
after JER() = 49.8458========_jet.eta()+++ -0.91317______Jet_Pt[nJets]------49.8458
  jet.pt()  = 46.9674=======__jet.eta()+++ -0.765356
after JER() = 47.6725========_jet.eta()+++ -0.765356______Jet_Pt[nJets]------47.6725
  jet.pt()  = 34.19=======__jet.eta()+++ -1.04032
after JER() = 33.8218========_jet.eta()+++ -1.04032______Jet_Pt[nJets]------33.8218
  jet.pt()  = 30.3514=======__jet.eta()+++ -0.800457
after JER() = 30.1902========_jet.eta()+++ -0.800457______Jet_Pt[nJets]------30.1902
  jet.pt()  = 28.6891=======__jet.eta()+++ -0.803959
  jet.pt()  = 17.2238=======__jet.eta()+++ -3.20685
  jet.pt()  = 17.0667=======__jet.eta()+++ 1.54321
  jet.pt()  = 16.0321=======__jet.eta()+++ 1.52702
  jet.pt()  = 16.0306=======__jet.eta()+++ 1.49621
  jet.pt()  = 11.6403=======__jet.eta()+++ 3.0865
  jet.pt()  = 11.2368=======__jet.eta()+++ -2.81658
  jet.pt()  = 10.5228=======__jet.eta()+++ -1.71522
  jet.pt()  = 74.1483=======__jet.eta()+++ 1.285
after JER() = 74.2075========_jet.eta()+++ 1.285______Jet_Pt[nJets]------74.2075
  jet.pt()  = 43.3147=======__jet.eta()+++ -1.11534
after JER() = 43.3756========_jet.eta()+++ -1.11534______Jet_Pt[nJets]------43.3756
  jet.pt()  = 34.8621=======__jet.eta()+++ 2.62469
  jet.pt()  = 33.3912=======__jet.eta()+++ -2.20793
after JER() = 33.3999========_jet.eta()+++ -2.20793______Jet_Pt[nJets]------33.3999
  jet.pt()  = 25.1423=======__jet.eta()+++ -0.0994719
  jet.pt()  = 21.9282=======__jet.eta()+++ -3.37536
  jet.pt()  = 20.323=======__jet.eta()+++ -0.120736
  jet.pt()  = 17.1661=======__jet.eta()+++ 0.0704788
  jet.pt()  = 15.587=======__jet.eta()+++ -0.568393
  jet.pt()  = 15.1339=======__jet.eta()+++ 0.320639
  jet.pt()  = 13.587=======__jet.eta()+++ -2.84171
  jet.pt()  = 13.3923=======__jet.eta()+++ 2.87582
  jet.pt()  = 13.3172=======__jet.eta()+++ 4.21944
  jet.pt()  = 12.4995=======__jet.eta()+++ -4.59736
  jet.pt()  = 11.8156=======__jet.eta()+++ 2.85864
  jet.pt()  = 11.7715=======__jet.eta()+++ -3.47756
  jet.pt()  = 10.4464=======__jet.eta()+++ 3.10361
  jet.pt()  = 69.5776=======__jet.eta()+++ -1.08562
after JER() = 69.9875========_jet.eta()+++ -1.08562______Jet_Pt[nJets]------69.9875
  jet.pt()  = 66.7904=======__jet.eta()+++ -0.998545
after JER() = 65.2812========_jet.eta()+++ -0.998545______Jet_Pt[nJets]------65.2812
  jet.pt()  = 32.7142=======__jet.eta()+++ -2.8995
  jet.pt()  = 27.5637=======__jet.eta()+++ -0.622311
  jet.pt()  = 18.5996=======__jet.eta()+++ -3.93102
  jet.pt()  = 16.9577=======__jet.eta()+++ 4.41955
  jet.pt()  = 16.5921=======__jet.eta()+++ -1.8993
  jet.pt()  = 13.9783=======__jet.eta()+++ -1.18131
  jet.pt()  = 11.133=======__jet.eta()+++ 1.35633
  jet.pt()  = 10.7331=======__jet.eta()+++ -2.85254
  jet.pt()  = 10.3739=======__jet.eta()+++ -2.9866
  jet.pt()  = 10.2784=======__jet.eta()+++ -1.52087
  jet.pt()  = 98.2606=======__jet.eta()+++ -1.82253
after JER() = 98.4738========_jet.eta()+++ -1.82253______Jet_Pt[nJets]------98.4738
  jet.pt()  = 44.5831=======__jet.eta()+++ -1.33715
after JER() = 43.9652========_jet.eta()+++ -1.33715______Jet_Pt[nJets]------43.9652
  jet.pt()  = 31.3525=======__jet.eta()+++ -3.12892
  jet.pt()  = 28.8566=======__jet.eta()+++ -2.0911
  jet.pt()  = 21.8399=======__jet.eta()+++ -0.821101
  jet.pt()  = 16.6244=======__jet.eta()+++ 4.28105
  jet.pt()  = 15.8362=======__jet.eta()+++ -3.26612
  jet.pt()  = 15.3607=======__jet.eta()+++ -2.80332
  jet.pt()  = 14.4426=======__jet.eta()+++ -1.29619
  jet.pt()  = 12.3688=======__jet.eta()+++ 0.0410036
  jet.pt()  = 11.1858=======__jet.eta()+++ -1.70655
  jet.pt()  = 10.26=======__jet.eta()+++ 2.4708
  jet.pt()  = 211.09=======__jet.eta()+++ 1.01296
after JER() = 212.56========_jet.eta()+++ 1.01296______Jet_Pt[nJets]------212.56
  jet.pt()  = 149.559=======__jet.eta()+++ 0.892986
after JER() = 151.43========_jet.eta()+++ 0.892986______Jet_Pt[nJets]------151.43
  jet.pt()  = 66.8712=======__jet.eta()+++ 0.477466
  jet.pt()  = 40.3283=======__jet.eta()+++ 2.39215
after JER() = 40.1022========_jet.eta()+++ 2.39215______Jet_Pt[nJets]------40.1022
  jet.pt()  = 24.7067=======__jet.eta()+++ 1.89701
  jet.pt()  = 22.0101=======__jet.eta()+++ -2.76197
  jet.pt()  = 13.1795=======__jet.eta()+++ 0.635671
  jet.pt()  = 12.6311=======__jet.eta()+++ -4.0615
  jet.pt()  = 11.5139=======__jet.eta()+++ -2.13283
  jet.pt()  = 11.0247=======__jet.eta()+++ 3.68722
  jet.pt()  = 10.8403=======__jet.eta()+++ 3.04981
  jet.pt()  = 10.3233=======__jet.eta()+++ -3.87103
  jet.pt()  = 197.786=======__jet.eta()+++ 2.07851
after JER() = 200.596========_jet.eta()+++ 2.07851______Jet_Pt[nJets]------200.596
  jet.pt()  = 79.5791=======__jet.eta()+++ 1.33269
after JER() = 80.2621========_jet.eta()+++ 1.33269______Jet_Pt[nJets]------80.2621
  jet.pt()  = 62.9233=======__jet.eta()+++ 0.560126
after JER() = 63.7977========_jet.eta()+++ 0.560126______Jet_Pt[nJets]------63.7977
  jet.pt()  = 41.8851=======__jet.eta()+++ 2.59444
  jet.pt()  = 35.2269=======__jet.eta()+++ 2.47547
  jet.pt()  = 32.1423=======__jet.eta()+++ 1.63318
after JER() = 31.2503========_jet.eta()+++ 1.63318______Jet_Pt[nJets]------31.2503
  jet.pt()  = 26.4996=======__jet.eta()+++ -0.682378
  jet.pt()  = 12.3392=======__jet.eta()+++ -3.16502
  jet.pt()  = 155.155=======__jet.eta()+++ 0.731134
after JER() = 154.923========_jet.eta()+++ 0.731134______Jet_Pt[nJets]------154.923
  jet.pt()  = 71.8698=======__jet.eta()+++ 1.02468
after JER() = 71.7801========_jet.eta()+++ 1.02468______Jet_Pt[nJets]------71.7801
  jet.pt()  = 61.2675=======__jet.eta()+++ -0.17887
after JER() = 62.0843========_jet.eta()+++ -0.17887______Jet_Pt[nJets]------62.0843
  jet.pt()  = 22.4436=======__jet.eta()+++ -1.79065
  jet.pt()  = 18.4017=======__jet.eta()+++ 2.32763
  jet.pt()  = 15.3627=======__jet.eta()+++ -0.499468
  jet.pt()  = 10.7071=======__jet.eta()+++ 0.140273
  jet.pt()  = 318.633=======__jet.eta()+++ 0.448311
after JER() = 319.974========_jet.eta()+++ 0.448311______Jet_Pt[nJets]------319.974
  jet.pt()  = 123.176=======__jet.eta()+++ 0.488201
after JER() = 123.25========_jet.eta()+++ 0.488201______Jet_Pt[nJets]------123.25
  jet.pt()  = 112.473=======__jet.eta()+++ -1.07253
after JER() = 112.7========_jet.eta()+++ -1.07253______Jet_Pt[nJets]------112.7
  jet.pt()  = 43.8762=======__jet.eta()+++ 0.721899
after JER() = 44.2406========_jet.eta()+++ 0.721899______Jet_Pt[nJets]------44.2406
  jet.pt()  = 31.252=======__jet.eta()+++ 0.69572
after JER() = 31.6777========_jet.eta()+++ 0.69572______Jet_Pt[nJets]------31.6777
  jet.pt()  = 27.7135=======__jet.eta()+++ -2.82116
  jet.pt()  = 25.2788=======__jet.eta()+++ 0.544383
  jet.pt()  = 24.448=======__jet.eta()+++ -1.80399
  jet.pt()  = 20.9301=======__jet.eta()+++ -2.62989
  jet.pt()  = 19.1067=======__jet.eta()+++ 1.33869
  jet.pt()  = 16.628=======__jet.eta()+++ 0.026567
  jet.pt()  = 16.0483=======__jet.eta()+++ -0.203803
  jet.pt()  = 288.583=======__jet.eta()+++ 1.59515
  jet.pt()  = 157.246=======__jet.eta()+++ 1.17958
after JER() = 157.644========_jet.eta()+++ 1.17958______Jet_Pt[nJets]------157.644
  jet.pt()  = 142.954=======__jet.eta()+++ 0.659712
after JER() = 144.146========_jet.eta()+++ 0.659712______Jet_Pt[nJets]------144.146
  jet.pt()  = 104.145=======__jet.eta()+++ 0.682067
after JER() = 105.549========_jet.eta()+++ 0.682067______Jet_Pt[nJets]------105.549
  jet.pt()  = 47.8379=======__jet.eta()+++ 2.37847
after JER() = 48.284========_jet.eta()+++ 2.37847______Jet_Pt[nJets]------48.284
  jet.pt()  = 26.5457=======__jet.eta()+++ 4.96822
  jet.pt()  = 21.1591=======__jet.eta()+++ -0.449915
  jet.pt()  = 16.8124=======__jet.eta()+++ -3.4044
  jet.pt()  = 15.8962=======__jet.eta()+++ -2.82597
  jet.pt()  = 15.2929=======__jet.eta()+++ 4.56365
  jet.pt()  = 15.2368=======__jet.eta()+++ -3.17298
  jet.pt()  = 14.424=======__jet.eta()+++ -3.70103
  jet.pt()  = 13.2134=======__jet.eta()+++ 4.79501
  jet.pt()  = 13.0017=======__jet.eta()+++ 4.39905
  jet.pt()  = 10.5258=======__jet.eta()+++ -2.33498
  jet.pt()  = 72.9622=======__jet.eta()+++ 2.42026
  jet.pt()  = 55.1536=======__jet.eta()+++ 2.60596
  jet.pt()  = 44.7214=======__jet.eta()+++ 1.91936
after JER() = 46.371========_jet.eta()+++ 1.91936______Jet_Pt[nJets]------46.371
  jet.pt()  = 27.6432=======__jet.eta()+++ 1.93401
  jet.pt()  = 27.3564=======__jet.eta()+++ -0.27608
  jet.pt()  = 17.8735=======__jet.eta()+++ 2.74519
  jet.pt()  = 13.9691=======__jet.eta()+++ 3.11889
  jet.pt()  = 13.1362=======__jet.eta()+++ -0.778725
  jet.pt()  = 12.1356=======__jet.eta()+++ 2.9788
  jet.pt()  = 11.0214=======__jet.eta()+++ 1.39463
  jet.pt()  = 10.8674=======__jet.eta()+++ 3.7413
  jet.pt()  = 10.5617=======__jet.eta()+++ -0.805837
  jet.pt()  = 10.2782=======__jet.eta()+++ 3.2058
  jet.pt()  = 69.9588=======__jet.eta()+++ -0.881074
after JER() = 70.9104========_jet.eta()+++ -0.881074______Jet_Pt[nJets]------70.9104
  jet.pt()  = 53.4696=======__jet.eta()+++ -3.00822
  jet.pt()  = 50.4875=======__jet.eta()+++ -2.74662
  jet.pt()  = 43.4046=======__jet.eta()+++ -2.24747
after JER() = 43.4053========_jet.eta()+++ -2.24747______Jet_Pt[nJets]------43.4053
  jet.pt()  = 38.32=======__jet.eta()+++ -2.02005
after JER() = 38.1356========_jet.eta()+++ -2.02005______Jet_Pt[nJets]------38.1356
  jet.pt()  = 28.8871=======__jet.eta()+++ 4.31452
  jet.pt()  = 28.4456=======__jet.eta()+++ 0.0929302
  jet.pt()  = 21.5446=======__jet.eta()+++ -2.49484
  jet.pt()  = 19.7222=======__jet.eta()+++ -3.39976
  jet.pt()  = 16.5153=======__jet.eta()+++ 3.80012
  jet.pt()  = 15.5542=======__jet.eta()+++ -3.37744
  jet.pt()  = 14.8291=======__jet.eta()+++ 0.64594
  jet.pt()  = 13.7643=======__jet.eta()+++ 3.03095
  jet.pt()  = 11.8326=======__jet.eta()+++ -2.86302
  jet.pt()  = 11.5255=======__jet.eta()+++ -2.59119
  jet.pt()  = 10.9461=======__jet.eta()+++ 4.57666
  jet.pt()  = 10.9008=======__jet.eta()+++ -3.86054
  jet.pt()  = 10.5174=======__jet.eta()+++ -4.15242
  jet.pt()  = 10.4134=======__jet.eta()+++ -4.55361
  jet.pt()  = 104.941=======__jet.eta()+++ -1.21673
after JER() = 104.739========_jet.eta()+++ -1.21673______Jet_Pt[nJets]------104.739
  jet.pt()  = 46.199=======__jet.eta()+++ 0.396243
after JER() = 46.767========_jet.eta()+++ 0.396243______Jet_Pt[nJets]------46.767
  jet.pt()  = 41.1618=======__jet.eta()+++ 1.54974
after JER() = 40.7664========_jet.eta()+++ 1.54974______Jet_Pt[nJets]------40.7664
  jet.pt()  = 29.6241=======__jet.eta()+++ -0.0391538
  jet.pt()  = 23.9191=======__jet.eta()+++ -0.527
  jet.pt()  = 20.5697=======__jet.eta()+++ -3.37823
  jet.pt()  = 17.2476=======__jet.eta()+++ -2.57651
  jet.pt()  = 13.6474=======__jet.eta()+++ -2.55197
  jet.pt()  = 12.3975=======__jet.eta()+++ 3.00508
  jet.pt()  = 129.665=======__jet.eta()+++ 0.571905
after JER() = 129.175========_jet.eta()+++ 0.571905______Jet_Pt[nJets]------129.175
  jet.pt()  = 103.93=======__jet.eta()+++ -1.69651
after JER() = 103.835========_jet.eta()+++ -1.69651______Jet_Pt[nJets]------103.835
  jet.pt()  = 90.6712=======__jet.eta()+++ 0.0213371
after JER() = 89.6765========_jet.eta()+++ 0.0213371______Jet_Pt[nJets]------89.6765
  jet.pt()  = 88.5008=======__jet.eta()+++ -0.43263
  jet.pt()  = 41.984=======__jet.eta()+++ -0.650046
after JER() = 40.6813========_jet.eta()+++ -0.650046______Jet_Pt[nJets]------40.6813
  jet.pt()  = 40.0619=======__jet.eta()+++ 1.05576
after JER() = 41.6521========_jet.eta()+++ 1.05576______Jet_Pt[nJets]------41.6521
  jet.pt()  = 29.4151=======__jet.eta()+++ -4.5967
  jet.pt()  = 26.1201=======__jet.eta()+++ -1.31474
after JER() = 30.2349========_jet.eta()+++ -1.31474______Jet_Pt[nJets]------30.2349
  jet.pt()  = 22.4679=======__jet.eta()+++ 1.69831
  jet.pt()  = 17.6956=======__jet.eta()+++ 3.53112
  jet.pt()  = 11.2748=======__jet.eta()+++ -4.22194
  jet.pt()  = 11.1396=======__jet.eta()+++ -0.127266
  jet.pt()  = 10.6553=======__jet.eta()+++ -3.73007
  jet.pt()  = 109.778=======__jet.eta()+++ 0.887756
after JER() = 108.907========_jet.eta()+++ 0.887756______Jet_Pt[nJets]------108.907
  jet.pt()  = 36.6511=======__jet.eta()+++ 1.572
after JER() = 37.4288========_jet.eta()+++ 1.572______Jet_Pt[nJets]------37.4288
  jet.pt()  = 27.8771=======__jet.eta()+++ 1.51498
  jet.pt()  = 27.8427=======__jet.eta()+++ 2.61331
  jet.pt()  = 21.7205=======__jet.eta()+++ 1.16212
  jet.pt()  = 18.7342=======__jet.eta()+++ -4.05544
  jet.pt()  = 17.0654=======__jet.eta()+++ -1.80052
  jet.pt()  = 16.79=======__jet.eta()+++ 2.95827
  jet.pt()  = 16.7616=======__jet.eta()+++ 1.90702
  jet.pt()  = 14.1097=======__jet.eta()+++ 0.0300061
  jet.pt()  = 13.6035=======__jet.eta()+++ -2.82407
  jet.pt()  = 12.7647=======__jet.eta()+++ -2.76625
  jet.pt()  = 12.0002=======__jet.eta()+++ 0.198189
  jet.pt()  = 11.2194=======__jet.eta()+++ -4.4939
  jet.pt()  = 10.9492=======__jet.eta()+++ 0.962707
  jet.pt()  = 10.4568=======__jet.eta()+++ -2.36765
  jet.pt()  = 46.5823=======__jet.eta()+++ -0.988208
after JER() = 45.2028========_jet.eta()+++ -0.988208______Jet_Pt[nJets]------45.2028
  jet.pt()  = 40.3208=======__jet.eta()+++ -0.785268
after JER() = 40.6225========_jet.eta()+++ -0.785268______Jet_Pt[nJets]------40.6225
  jet.pt()  = 24.2123=======__jet.eta()+++ -0.0512817
  jet.pt()  = 21.8329=======__jet.eta()+++ -1.33867
  jet.pt()  = 21.356=======__jet.eta()+++ -3.13398
  jet.pt()  = 20.6437=======__jet.eta()+++ -0.484082
  jet.pt()  = 14.9715=======__jet.eta()+++ -0.442981
  jet.pt()  = 14.6041=======__jet.eta()+++ -3.92052
  jet.pt()  = 13.255=======__jet.eta()+++ -4.89865
  jet.pt()  = 12.522=======__jet.eta()+++ -4.42636
  jet.pt()  = 10.8821=======__jet.eta()+++ 3.94784
  jet.pt()  = 10.3093=======__jet.eta()+++ -4.29188
  jet.pt()  = 158.126=======__jet.eta()+++ -0.78497
after JER() = 160.726========_jet.eta()+++ -0.78497______Jet_Pt[nJets]------160.726
  jet.pt()  = 132.721=======__jet.eta()+++ 1.35957
after JER() = 134.253========_jet.eta()+++ 1.35957______Jet_Pt[nJets]------134.253
  jet.pt()  = 117.272=======__jet.eta()+++ 2.61439
  jet.pt()  = 52.7695=======__jet.eta()+++ 2.2331
after JER() = 52.7786========_jet.eta()+++ 2.2331______Jet_Pt[nJets]------52.7786
  jet.pt()  = 48.4121=======__jet.eta()+++ 2.6839
  jet.pt()  = 43.2363=======__jet.eta()+++ 0.219605
after JER() = 43.9899========_jet.eta()+++ 0.219605______Jet_Pt[nJets]------43.9899
  jet.pt()  = 41.8461=======__jet.eta()+++ -0.674615
after JER() = 41.6434========_jet.eta()+++ -0.674615______Jet_Pt[nJets]------41.6434
  jet.pt()  = 36.8018=======__jet.eta()+++ 2.80827
  jet.pt()  = 24.5832=======__jet.eta()+++ 0.595485
  jet.pt()  = 21.7691=======__jet.eta()+++ 2.01635
  jet.pt()  = 10.9885=======__jet.eta()+++ 2.01398
  jet.pt()  = 10.514=======__jet.eta()+++ 3.01271
  jet.pt()  = 10.354=======__jet.eta()+++ -1.8613
  jet.pt()  = 10.1191=======__jet.eta()+++ 3.44365
  jet.pt()  = 106.346=======__jet.eta()+++ 2.33638
after JER() = 107.36========_jet.eta()+++ 2.33638______Jet_Pt[nJets]------107.36
  jet.pt()  = 76.5155=======__jet.eta()+++ -1.60352
after JER() = 76.1474========_jet.eta()+++ -1.60352______Jet_Pt[nJets]------76.1474
  jet.pt()  = 44.0177=======__jet.eta()+++ 0.608949
after JER() = 44.8282========_jet.eta()+++ 0.608949______Jet_Pt[nJets]------44.8282
  jet.pt()  = 40.5599=======__jet.eta()+++ -0.530795
after JER() = 41.2689========_jet.eta()+++ -0.530795______Jet_Pt[nJets]------41.2689
  jet.pt()  = 37.2293=======__jet.eta()+++ 1.53402
after JER() = 36.9764========_jet.eta()+++ 1.53402______Jet_Pt[nJets]------36.9764
  jet.pt()  = 31.8655=======__jet.eta()+++ 0.00770522
after JER() = 31.6257========_jet.eta()+++ 0.00770522______Jet_Pt[nJets]------31.6257
  jet.pt()  = 14.4171=======__jet.eta()+++ 2.80181
  jet.pt()  = 14.1087=======__jet.eta()+++ -3.06198
  jet.pt()  = 13.612=======__jet.eta()+++ 3.11102
  jet.pt()  = 13.0172=======__jet.eta()+++ 3.03634
  jet.pt()  = 12.963=======__jet.eta()+++ -4.7547
  jet.pt()  = 12.5398=======__jet.eta()+++ 1.84404
  jet.pt()  = 11.0424=======__jet.eta()+++ 3.23257
  jet.pt()  = 62.3412=======__jet.eta()+++ 2.41168
  jet.pt()  = 30.0255=======__jet.eta()+++ -3.28049
  jet.pt()  = 27.1266=======__jet.eta()+++ 2.78397
  jet.pt()  = 14.0324=======__jet.eta()+++ -2.66485
  jet.pt()  = 11.3311=======__jet.eta()+++ 2.38298
  jet.pt()  = 10.3951=======__jet.eta()+++ 2.11748
  jet.pt()  = 142.382=======__jet.eta()+++ 1.6961
after JER() = 140.048========_jet.eta()+++ 1.6961______Jet_Pt[nJets]------140.048
  jet.pt()  = 115.299=======__jet.eta()+++ 2.51516
  jet.pt()  = 93.3303=======__jet.eta()+++ 3.03262
  jet.pt()  = 76.681=======__jet.eta()+++ 0.130437
after JER() = 75.1739========_jet.eta()+++ 0.130437______Jet_Pt[nJets]------75.1739
  jet.pt()  = 60.5088=======__jet.eta()+++ 0.695078
  jet.pt()  = 17.7538=======__jet.eta()+++ 2.44435
  jet.pt()  = 14.9784=======__jet.eta()+++ 1.59384
  jet.pt()  = 14.808=======__jet.eta()+++ 1.32101
  jet.pt()  = 12.975=======__jet.eta()+++ 2.73965
  jet.pt()  = 12.922=======__jet.eta()+++ 3.13779
  jet.pt()  = 12.5581=======__jet.eta()+++ -4.00134
  jet.pt()  = 12.4728=======__jet.eta()+++ 0.13088
  jet.pt()  = 11.9827=======__jet.eta()+++ 2.82992
  jet.pt()  = 11.6616=======__jet.eta()+++ 2.70026
  jet.pt()  = 11.5172=======__jet.eta()+++ -2.61501
  jet.pt()  = 11.4833=======__jet.eta()+++ 2.35266
  jet.pt()  = 11.4143=======__jet.eta()+++ -3.94499
  jet.pt()  = 11.1466=======__jet.eta()+++ 2.77499
  jet.pt()  = 11.0338=======__jet.eta()+++ 1.19797
  jet.pt()  = 10.7811=======__jet.eta()+++ -2.54036
  jet.pt()  = 10.1223=======__jet.eta()+++ 3.30779
  jet.pt()  = 78.9958=======__jet.eta()+++ 0.932473
after JER() = 78.6341========_jet.eta()+++ 0.932473______Jet_Pt[nJets]------78.6341
  jet.pt()  = 75.3982=======__jet.eta()+++ 0.315883
after JER() = 74.4117========_jet.eta()+++ 0.315883______Jet_Pt[nJets]------74.4117
  jet.pt()  = 49.8312=======__jet.eta()+++ 3.30475
  jet.pt()  = 28.6864=======__jet.eta()+++ 1.08934
  jet.pt()  = 26.1524=======__jet.eta()+++ 0.354351
  jet.pt()  = 24.6891=======__jet.eta()+++ -0.564517
  jet.pt()  = 19.4917=======__jet.eta()+++ -2.48286
  jet.pt()  = 18.479=======__jet.eta()+++ 0.373469
  jet.pt()  = 13.8192=======__jet.eta()+++ -3.88359
  jet.pt()  = 13.3712=======__jet.eta()+++ 1.83842
  jet.pt()  = 13.316=======__jet.eta()+++ -2.96131
  jet.pt()  = 13.2886=======__jet.eta()+++ -2.98711
  jet.pt()  = 12.7733=======__jet.eta()+++ -2.4224
  jet.pt()  = 12.6711=======__jet.eta()+++ -2.26153
  jet.pt()  = 12.5901=======__jet.eta()+++ 0.192346
  jet.pt()  = 12.3986=======__jet.eta()+++ -1.13138
  jet.pt()  = 110.612=======__jet.eta()+++ -1.96096
after JER() = 110.762========_jet.eta()+++ -1.96096______Jet_Pt[nJets]------110.762
  jet.pt()  = 78.0074=======__jet.eta()+++ -0.380422
after JER() = 78.8906========_jet.eta()+++ -0.380422______Jet_Pt[nJets]------78.8906
  jet.pt()  = 66.4118=======__jet.eta()+++ -1.70948
after JER() = 66.2913========_jet.eta()+++ -1.70948______Jet_Pt[nJets]------66.2913
  jet.pt()  = 27.2959=======__jet.eta()+++ 1.03743
  jet.pt()  = 19.5074=======__jet.eta()+++ 2.84534
  jet.pt()  = 17.3771=======__jet.eta()+++ 0.289709
  jet.pt()  = 13.3009=======__jet.eta()+++ -0.016545
  jet.pt()  = 12.2406=======__jet.eta()+++ 0.160631
  jet.pt()  = 11.8676=======__jet.eta()+++ -2.53015
  jet.pt()  = 11.5986=======__jet.eta()+++ -3.34619
  jet.pt()  = 11.4534=======__jet.eta()+++ -2.69808
  jet.pt()  = 11.2835=======__jet.eta()+++ 3.54617
  jet.pt()  = 10.9471=======__jet.eta()+++ -1.25399
  jet.pt()  = 10.5583=======__jet.eta()+++ -0.169497
  jet.pt()  = 105.39=======__jet.eta()+++ 0.820078
after JER() = 103.312========_jet.eta()+++ 0.820078______Jet_Pt[nJets]------103.312
  jet.pt()  = 79.6276=======__jet.eta()+++ -2.70802
  jet.pt()  = 64.766=======__jet.eta()+++ 2.3952
after JER() = 65.0576========_jet.eta()+++ 2.3952______Jet_Pt[nJets]------65.0576
  jet.pt()  = 49.4015=======__jet.eta()+++ 0.811279
after JER() = 48.4765========_jet.eta()+++ 0.811279______Jet_Pt[nJets]------48.4765
  jet.pt()  = 46.2333=======__jet.eta()+++ 0.582359
after JER() = 47.2259========_jet.eta()+++ 0.582359______Jet_Pt[nJets]------47.2259
  jet.pt()  = 32.8924=======__jet.eta()+++ -0.151645
after JER() = 34.0034========_jet.eta()+++ -0.151645______Jet_Pt[nJets]------34.0034
  jet.pt()  = 29.6928=======__jet.eta()+++ 1.37332
  jet.pt()  = 28.1697=======__jet.eta()+++ 2.81259
  jet.pt()  = 24.1496=======__jet.eta()+++ 1.33323
  jet.pt()  = 15.3476=======__jet.eta()+++ 2.8517
  jet.pt()  = 14.4506=======__jet.eta()+++ 0.811902
  jet.pt()  = 13.7975=======__jet.eta()+++ 4.66444
  jet.pt()  = 12.232=======__jet.eta()+++ -2.84338
  jet.pt()  = 11.8689=======__jet.eta()+++ -0.310582
  jet.pt()  = 10.0534=======__jet.eta()+++ 2.87076
  jet.pt()  = 10.0381=======__jet.eta()+++ -2.96163
  jet.pt()  = 10.0008=======__jet.eta()+++ 1.04204
  jet.pt()  = 65.1847=======__jet.eta()+++ 2.80108
  jet.pt()  = 60.737=======__jet.eta()+++ 2.7192
  jet.pt()  = 47.9811=======__jet.eta()+++ -1.39409
after JER() = 48.1722========_jet.eta()+++ -1.39409______Jet_Pt[nJets]------48.1722
  jet.pt()  = 33.6757=======__jet.eta()+++ 1.87995
after JER() = 33.4987========_jet.eta()+++ 1.87995______Jet_Pt[nJets]------33.4987
  jet.pt()  = 32.321=======__jet.eta()+++ -0.920033
after JER() = 31.9075========_jet.eta()+++ -0.920033______Jet_Pt[nJets]------31.9075
  jet.pt()  = 30.171=======__jet.eta()+++ 0.986741
after JER() = 30.9827========_jet.eta()+++ 0.986741______Jet_Pt[nJets]------30.9827
  jet.pt()  = 21.8587=======__jet.eta()+++ -0.799684
  jet.pt()  = 20.0092=======__jet.eta()+++ 1.54156
  jet.pt()  = 18.7123=======__jet.eta()+++ -0.246429
  jet.pt()  = 16.7051=======__jet.eta()+++ 2.24573
  jet.pt()  = 16.088=======__jet.eta()+++ 4.9555
  jet.pt()  = 14.7624=======__jet.eta()+++ 3.39631
  jet.pt()  = 14.3247=======__jet.eta()+++ -3.34713
  jet.pt()  = 12.8283=======__jet.eta()+++ -3.90572
  jet.pt()  = 12.7941=======__jet.eta()+++ -3.08071
  jet.pt()  = 11.0025=======__jet.eta()+++ -0.0318901
  jet.pt()  = 10.2109=======__jet.eta()+++ 1.8055
  jet.pt()  = 10.2101=======__jet.eta()+++ 3.47417
  jet.pt()  = 204.716=======__jet.eta()+++ 0.209575
after JER() = 205.434========_jet.eta()+++ 0.209575______Jet_Pt[nJets]------205.434
  jet.pt()  = 79.7615=======__jet.eta()+++ -1.2958
  jet.pt()  = 79.2574=======__jet.eta()+++ 0.300683
after JER() = 79.6576========_jet.eta()+++ 0.300683______Jet_Pt[nJets]------79.6576
  jet.pt()  = 57.8777=======__jet.eta()+++ 0.701666
after JER() = 56.9432========_jet.eta()+++ 0.701666______Jet_Pt[nJets]------56.9432
  jet.pt()  = 42.263=======__jet.eta()+++ -1.97244
after JER() = 42.3004========_jet.eta()+++ -1.97244______Jet_Pt[nJets]------42.3004
  jet.pt()  = 30.1277=======__jet.eta()+++ -1.20322
  jet.pt()  = 29.7702=======__jet.eta()+++ 0.20326
  jet.pt()  = 16.4397=======__jet.eta()+++ -3.29458
  jet.pt()  = 12.8527=======__jet.eta()+++ -0.669748
  jet.pt()  = 11.408=======__jet.eta()+++ 3.88695
  jet.pt()  = 11.2569=======__jet.eta()+++ 1.19968
  jet.pt()  = 11.0608=======__jet.eta()+++ -4.67298
  jet.pt()  = 85.4735=======__jet.eta()+++ 0.108372
after JER() = 85.1283========_jet.eta()+++ 0.108372______Jet_Pt[nJets]------85.1283
  jet.pt()  = 85.3576=======__jet.eta()+++ 0.358548
after JER() = 85.7842========_jet.eta()+++ 0.358548______Jet_Pt[nJets]------85.7842
  jet.pt()  = 33.435=======__jet.eta()+++ 0.3802
after JER() = 32.3377========_jet.eta()+++ 0.3802______Jet_Pt[nJets]------32.3377
  jet.pt()  = 33.2082=======__jet.eta()+++ -0.30418
after JER() = 33.37========_jet.eta()+++ -0.30418______Jet_Pt[nJets]------33.37
  jet.pt()  = 27.3901=======__jet.eta()+++ -0.877832
  jet.pt()  = 26.9064=======__jet.eta()+++ 0.427385
  jet.pt()  = 23.7028=======__jet.eta()+++ 0.801001
  jet.pt()  = 17.9794=======__jet.eta()+++ -3.82071
  jet.pt()  = 17.8542=======__jet.eta()+++ -3.30148
  jet.pt()  = 15.9316=======__jet.eta()+++ -0.710648
  jet.pt()  = 14.1917=======__jet.eta()+++ -0.620857
  jet.pt()  = 10.8514=======__jet.eta()+++ -1.92135
  jet.pt()  = 78.5628=======__jet.eta()+++ 0.361154
after JER() = 79.097========_jet.eta()+++ 0.361154______Jet_Pt[nJets]------79.097
  jet.pt()  = 37.3516=======__jet.eta()+++ -1.54744
after JER() = 36.8912========_jet.eta()+++ -1.54744______Jet_Pt[nJets]------36.8912
  jet.pt()  = 34.1806=======__jet.eta()+++ 0.811319
after JER() = 34.748========_jet.eta()+++ 0.811319______Jet_Pt[nJets]------34.748
  jet.pt()  = 30.8228=======__jet.eta()+++ 0.813303
after JER() = 32.187========_jet.eta()+++ 0.813303______Jet_Pt[nJets]------32.187
  jet.pt()  = 30.657=======__jet.eta()+++ 0.0287473
after JER() = 31.4819========_jet.eta()+++ 0.0287473______Jet_Pt[nJets]------31.4819
  jet.pt()  = 25.6306=======__jet.eta()+++ -0.67559
  jet.pt()  = 20.6427=======__jet.eta()+++ -0.886042
  jet.pt()  = 17.6396=======__jet.eta()+++ -2.68159
  jet.pt()  = 16.9228=======__jet.eta()+++ 1.56591
  jet.pt()  = 16.5438=======__jet.eta()+++ -2.17735
  jet.pt()  = 15.2531=======__jet.eta()+++ 3.08109
  jet.pt()  = 14.8389=======__jet.eta()+++ -1.60958
  jet.pt()  = 14.5405=======__jet.eta()+++ -0.94614
  jet.pt()  = 12.5614=======__jet.eta()+++ -1.80662
  jet.pt()  = 11.5048=======__jet.eta()+++ -3.49242
  jet.pt()  = 11.423=======__jet.eta()+++ -1.60437
  jet.pt()  = 11.2282=======__jet.eta()+++ 1.40466
  jet.pt()  = 90.427=======__jet.eta()+++ 1.69551
after JER() = 89.491========_jet.eta()+++ 1.69551______Jet_Pt[nJets]------89.491
  jet.pt()  = 72.5169=======__jet.eta()+++ 1.60143
after JER() = 72.3698========_jet.eta()+++ 1.60143______Jet_Pt[nJets]------72.3698
  jet.pt()  = 37.32=======__jet.eta()+++ 1.24069
after JER() = 37.6271========_jet.eta()+++ 1.24069______Jet_Pt[nJets]------37.6271
  jet.pt()  = 24.9322=======__jet.eta()+++ -0.132379
  jet.pt()  = 17.0987=======__jet.eta()+++ 0.417509
  jet.pt()  = 13.4548=======__jet.eta()+++ 2.66542
  jet.pt()  = 13.1987=======__jet.eta()+++ -2.64256
  jet.pt()  = 12.5412=======__jet.eta()+++ -4.54119
  jet.pt()  = 141.337=======__jet.eta()+++ -0.4342
after JER() = 143.053========_jet.eta()+++ -0.4342______Jet_Pt[nJets]------143.053
  jet.pt()  = 78.0696=======__jet.eta()+++ -0.398735
after JER() = 78.4147========_jet.eta()+++ -0.398735______Jet_Pt[nJets]------78.4147
  jet.pt()  = 51.9269=======__jet.eta()+++ 4.08688
  jet.pt()  = 45.0048=======__jet.eta()+++ -0.0622237
after JER() = 44.4783========_jet.eta()+++ -0.0622237______Jet_Pt[nJets]------44.4783
  jet.pt()  = 33.8004=======__jet.eta()+++ 1.68384
after JER() = 34.7825========_jet.eta()+++ 1.68384______Jet_Pt[nJets]------34.7825
  jet.pt()  = 21.8095=======__jet.eta()+++ -1.48137
  jet.pt()  = 21.5821=======__jet.eta()+++ 0.811166
  jet.pt()  = 18.5385=======__jet.eta()+++ 2.75166
  jet.pt()  = 13.065=======__jet.eta()+++ 1.10604
  jet.pt()  = 12.2796=======__jet.eta()+++ -3.07233
  jet.pt()  = 11.6138=======__jet.eta()+++ -3.39009
  jet.pt()  = 11.1545=======__jet.eta()+++ 0.18373
  jet.pt()  = 11.0568=======__jet.eta()+++ -0.175144
  jet.pt()  = 10.6787=======__jet.eta()+++ 3.95878
  jet.pt()  = 135.177=======__jet.eta()+++ 0.877208
after JER() = 137.75========_jet.eta()+++ 0.877208______Jet_Pt[nJets]------137.75
  jet.pt()  = 94.8949=======__jet.eta()+++ 0.0206287
after JER() = 95.6972========_jet.eta()+++ 0.0206287______Jet_Pt[nJets]------95.6972
  jet.pt()  = 72.6185=======__jet.eta()+++ 1.40204
  jet.pt()  = 54.0725=======__jet.eta()+++ -0.0181159
after JER() = 54.2703========_jet.eta()+++ -0.0181159______Jet_Pt[nJets]------54.2703
  jet.pt()  = 35.4621=======__jet.eta()+++ 1.06258
after JER() = 36.0468========_jet.eta()+++ 1.06258______Jet_Pt[nJets]------36.0468
  jet.pt()  = 23.3087=======__jet.eta()+++ 2.36098
  jet.pt()  = 14.2356=======__jet.eta()+++ -2.56255
  jet.pt()  = 10.4749=======__jet.eta()+++ 1.33689
  jet.pt()  = 119.283=======__jet.eta()+++ 1.00433
after JER() = 121.48========_jet.eta()+++ 1.00433______Jet_Pt[nJets]------121.48
  jet.pt()  = 51.1421=======__jet.eta()+++ 0.244116
after JER() = 52.2544========_jet.eta()+++ 0.244116______Jet_Pt[nJets]------52.2544
  jet.pt()  = 30.1224=======__jet.eta()+++ 1.41085
  jet.pt()  = 11.3918=======__jet.eta()+++ -3.29396
  jet.pt()  = 10.9161=======__jet.eta()+++ -1.76057
  jet.pt()  = 59.9003=======__jet.eta()+++ 0.723641
after JER() = 60.1685========_jet.eta()+++ 0.723641______Jet_Pt[nJets]------60.1685
  jet.pt()  = 53.2129=======__jet.eta()+++ -0.858865
  jet.pt()  = 46.3008=======__jet.eta()+++ 0.147735
after JER() = 45.2497========_jet.eta()+++ 0.147735______Jet_Pt[nJets]------45.2497
  jet.pt()  = 33.1045=======__jet.eta()+++ 2.67562
  jet.pt()  = 31.3738=======__jet.eta()+++ -2.14594
after JER() = 31.3822========_jet.eta()+++ -2.14594______Jet_Pt[nJets]------31.3822
  jet.pt()  = 21.9066=======__jet.eta()+++ -1.39798
  jet.pt()  = 19.6901=======__jet.eta()+++ -0.260875
  jet.pt()  = 17.9275=======__jet.eta()+++ -0.881538
  jet.pt()  = 17.6486=======__jet.eta()+++ -3.52168
  jet.pt()  = 16.5967=======__jet.eta()+++ -3.54162
  jet.pt()  = 15.8943=======__jet.eta()+++ 4.13162
  jet.pt()  = 11.5631=======__jet.eta()+++ 0.730742
  jet.pt()  = 10.2656=======__jet.eta()+++ -1.53554
  jet.pt()  = 111.124=======__jet.eta()+++ 2.20189
after JER() = 111.128========_jet.eta()+++ 2.20189______Jet_Pt[nJets]------111.128
  jet.pt()  = 99.4482=======__jet.eta()+++ 1.39584
after JER() = 99.8536========_jet.eta()+++ 1.39584______Jet_Pt[nJets]------99.8536
  jet.pt()  = 89.4792=======__jet.eta()+++ 0.990377
after JER() = 90.0919========_jet.eta()+++ 0.990377______Jet_Pt[nJets]------90.0919
  jet.pt()  = 45.0495=======__jet.eta()+++ 2.55778
  jet.pt()  = 29.4366=======__jet.eta()+++ 2.31091
  jet.pt()  = 11.3114=======__jet.eta()+++ 0.363612
  jet.pt()  = 10.8036=======__jet.eta()+++ -2.92162
  jet.pt()  = 10.2491=======__jet.eta()+++ -3.46713
  jet.pt()  = 10.121=======__jet.eta()+++ -2.25374
  jet.pt()  = 10.0393=======__jet.eta()+++ 3.99866
  jet.pt()  = 121.926=======__jet.eta()+++ 0.236726
  jet.pt()  = 97.3483=======__jet.eta()+++ 1.61265
after JER() = 95.0414========_jet.eta()+++ 1.61265______Jet_Pt[nJets]------95.0414
  jet.pt()  = 89.0413=======__jet.eta()+++ -0.40704
after JER() = 88.398========_jet.eta()+++ -0.40704______Jet_Pt[nJets]------88.398
  jet.pt()  = 88.1752=======__jet.eta()+++ 1.20147
after JER() = 87.5746========_jet.eta()+++ 1.20147______Jet_Pt[nJets]------87.5746
  jet.pt()  = 63.9496=======__jet.eta()+++ 0.291704
after JER() = 64.4561========_jet.eta()+++ 0.291704______Jet_Pt[nJets]------64.4561
  jet.pt()  = 41.1612=======__jet.eta()+++ 1.75598
after JER() = 41.1612========_jet.eta()+++ 1.75598______Jet_Pt[nJets]------41.1612
  jet.pt()  = 33.5862=======__jet.eta()+++ -1.50672
after JER() = 32.7818========_jet.eta()+++ -1.50672______Jet_Pt[nJets]------32.7818
  jet.pt()  = 22.0997=======__jet.eta()+++ -2.93884
  jet.pt()  = 21.2265=======__jet.eta()+++ -3.1523
  jet.pt()  = 20.7484=======__jet.eta()+++ 1.52825
  jet.pt()  = 20.4108=======__jet.eta()+++ -1.26036
  jet.pt()  = 15.3892=======__jet.eta()+++ 3.14009
  jet.pt()  = 13.6581=======__jet.eta()+++ 3.44286
  jet.pt()  = 12.0089=======__jet.eta()+++ -2.31002
  jet.pt()  = 11.1041=======__jet.eta()+++ 4.59226
  jet.pt()  = 10.3156=======__jet.eta()+++ 3.87279
  jet.pt()  = 10.2305=======__jet.eta()+++ 1.10798
  jet.pt()  = 152.905=======__jet.eta()+++ -0.655608
after JER() = 152.214========_jet.eta()+++ -0.655608______Jet_Pt[nJets]------152.214
  jet.pt()  = 36.787=======__jet.eta()+++ 1.92231
after JER() = 37.1305========_jet.eta()+++ 1.92231______Jet_Pt[nJets]------37.1305
  jet.pt()  = 31.6768=======__jet.eta()+++ 0.968916
after JER() = 32.442========_jet.eta()+++ 0.968916______Jet_Pt[nJets]------32.442
  jet.pt()  = 19.6162=======__jet.eta()+++ 0.246069
  jet.pt()  = 16.75=======__jet.eta()+++ -1.9339
  jet.pt()  = 16.4364=======__jet.eta()+++ -0.920752
  jet.pt()  = 15.7483=======__jet.eta()+++ 1.4038
  jet.pt()  = 11.861=======__jet.eta()+++ 1.33972
  jet.pt()  = 11.265=======__jet.eta()+++ 3.7429
  jet.pt()  = 10.7306=======__jet.eta()+++ -3.35223
  jet.pt()  = 10.3025=======__jet.eta()+++ -0.262574
  jet.pt()  = 210.297=======__jet.eta()+++ -0.575403
after JER() = 209.162========_jet.eta()+++ -0.575403______Jet_Pt[nJets]------209.162
  jet.pt()  = 146.861=======__jet.eta()+++ 0.840647
after JER() = 146.2========_jet.eta()+++ 0.840647______Jet_Pt[nJets]------146.2
  jet.pt()  = 81.5573=======__jet.eta()+++ 0.288137
after JER() = 79.2355========_jet.eta()+++ 0.288137______Jet_Pt[nJets]------79.2355
  jet.pt()  = 55.3202=======__jet.eta()+++ 0.821615
after JER() = 56.0643========_jet.eta()+++ 0.821615______Jet_Pt[nJets]------56.0643
  jet.pt()  = 44.4606=======__jet.eta()+++ -1.05836
after JER() = 44.4031========_jet.eta()+++ -1.05836______Jet_Pt[nJets]------44.4031
  jet.pt()  = 30.1452=======__jet.eta()+++ -0.597681
  jet.pt()  = 19.6321=======__jet.eta()+++ 1.55118
  jet.pt()  = 19.5976=======__jet.eta()+++ 0.664028
  jet.pt()  = 19.3967=======__jet.eta()+++ -3.87972
  jet.pt()  = 15.8056=======__jet.eta()+++ 1.75632
  jet.pt()  = 13.0427=======__jet.eta()+++ -2.81522
  jet.pt()  = 12.7074=======__jet.eta()+++ 1.16257
  jet.pt()  = 11.6228=======__jet.eta()+++ -3.47959
  jet.pt()  = 10.7754=======__jet.eta()+++ 3.10942
  jet.pt()  = 10.4259=======__jet.eta()+++ -1.0173
  jet.pt()  = 10.1301=======__jet.eta()+++ 0.0273446
  jet.pt()  = 100.814=======__jet.eta()+++ -0.355214
after JER() = 101.277========_jet.eta()+++ -0.355214______Jet_Pt[nJets]------101.277
  jet.pt()  = 47.9992=======__jet.eta()+++ 1.31494
after JER() = 48.2279========_jet.eta()+++ 1.31494______Jet_Pt[nJets]------48.2279
  jet.pt()  = 36.4036=======__jet.eta()+++ 1.47579
after JER() = 36.8448========_jet.eta()+++ 1.47579______Jet_Pt[nJets]------36.8448
  jet.pt()  = 29.1211=======__jet.eta()+++ -0.634383
  jet.pt()  = 15.9448=======__jet.eta()+++ -3.01138
  jet.pt()  = 15.1585=======__jet.eta()+++ -2.39756
  jet.pt()  = 13.6397=======__jet.eta()+++ 1.48741
  jet.pt()  = 12.5461=======__jet.eta()+++ -0.237563
  jet.pt()  = 12.2151=======__jet.eta()+++ 1.04746
  jet.pt()  = 10.8881=======__jet.eta()+++ 1.44674
  jet.pt()  = 10.7723=======__jet.eta()+++ 1.01311
  jet.pt()  = 10.0549=======__jet.eta()+++ 3.98819
  jet.pt()  = 84.0155=======__jet.eta()+++ 1.77121
after JER() = 84.0418========_jet.eta()+++ 1.77121______Jet_Pt[nJets]------84.0418
  jet.pt()  = 57.1833=======__jet.eta()+++ 2.16753
after JER() = 57.1836========_jet.eta()+++ 2.16753______Jet_Pt[nJets]------57.1836
  jet.pt()  = 49.4467=======__jet.eta()+++ -0.0605898
after JER() = 49.3528========_jet.eta()+++ -0.0605898______Jet_Pt[nJets]------49.3528
  jet.pt()  = 47.244=======__jet.eta()+++ -0.421179
after JER() = 47.7039========_jet.eta()+++ -0.421179______Jet_Pt[nJets]------47.7039
  jet.pt()  = 22.8554=======__jet.eta()+++ 0.121138
  jet.pt()  = 21.9483=======__jet.eta()+++ -0.491519
  jet.pt()  = 18.0321=======__jet.eta()+++ -0.28231
  jet.pt()  = 15.4975=======__jet.eta()+++ 1.66587
  jet.pt()  = 12.7121=======__jet.eta()+++ -0.978525
  jet.pt()  = 11.9726=======__jet.eta()+++ 2.92868
  jet.pt()  = 11.1547=======__jet.eta()+++ -2.61653
  jet.pt()  = 10.9568=======__jet.eta()+++ -0.0318244
  jet.pt()  = 10.6412=======__jet.eta()+++ -1.56794
  jet.pt()  = 10.5212=======__jet.eta()+++ 2.78546
  jet.pt()  = 114.488=======__jet.eta()+++ -0.0445465
after JER() = 113.582========_jet.eta()+++ -0.0445465______Jet_Pt[nJets]------113.582
  jet.pt()  = 105.279=======__jet.eta()+++ -1.38714
after JER() = 105.968========_jet.eta()+++ -1.38714______Jet_Pt[nJets]------105.968
  jet.pt()  = 67.7821=======__jet.eta()+++ -1.24075
after JER() = 67.3134========_jet.eta()+++ -1.24075______Jet_Pt[nJets]------67.3134
  jet.pt()  = 41.7678=======__jet.eta()+++ -0.0468877
  jet.pt()  = 27.7888=======__jet.eta()+++ -1.33258
  jet.pt()  = 20.4597=======__jet.eta()+++ -2.93174
  jet.pt()  = 18.5455=======__jet.eta()+++ -2.01859
  jet.pt()  = 100.374=======__jet.eta()+++ -1.93713
after JER() = 100.389========_jet.eta()+++ -1.93713______Jet_Pt[nJets]------100.389
  jet.pt()  = 53.096=======__jet.eta()+++ -1.68992
after JER() = 51.5218========_jet.eta()+++ -1.68992______Jet_Pt[nJets]------51.5218
  jet.pt()  = 46.5342=======__jet.eta()+++ 0.104915
after JER() = 46.0749========_jet.eta()+++ 0.104915______Jet_Pt[nJets]------46.0749
  jet.pt()  = 30.936=======__jet.eta()+++ -1.34217
after JER() = 30.9546========_jet.eta()+++ -1.34217______Jet_Pt[nJets]------30.9546
  jet.pt()  = 22.5417=======__jet.eta()+++ -0.548729
  jet.pt()  = 19.2258=======__jet.eta()+++ 2.0673
  jet.pt()  = 15.9258=======__jet.eta()+++ -2.17156
  jet.pt()  = 10.5479=======__jet.eta()+++ -1.75954
  jet.pt()  = 123.852=======__jet.eta()+++ 2.15986
after JER() = 123.869========_jet.eta()+++ 2.15986______Jet_Pt[nJets]------123.869
  jet.pt()  = 90.3221=======__jet.eta()+++ 1.33894
after JER() = 90.1956========_jet.eta()+++ 1.33894______Jet_Pt[nJets]------90.1956
  jet.pt()  = 61.5312=======__jet.eta()+++ 1.69975
after JER() = 62.736========_jet.eta()+++ 1.69975______Jet_Pt[nJets]------62.736
  jet.pt()  = 29.5031=======__jet.eta()+++ 1.53122
  jet.pt()  = 17.8221=======__jet.eta()+++ -0.0802424
  jet.pt()  = 16.9761=======__jet.eta()+++ 1.47757
  jet.pt()  = 16.297=======__jet.eta()+++ 3.32315
  jet.pt()  = 14.0363=======__jet.eta()+++ 0.362563
  jet.pt()  = 11.663=======__jet.eta()+++ 4.96016
  jet.pt()  = 10.6031=======__jet.eta()+++ 2.84057
  jet.pt()  = 77.0311=======__jet.eta()+++ -0.728297
after JER() = 77.4539========_jet.eta()+++ -0.728297______Jet_Pt[nJets]------77.4539
  jet.pt()  = 64.313=======__jet.eta()+++ -0.654477
after JER() = 63.2921========_jet.eta()+++ -0.654477______Jet_Pt[nJets]------63.2921
  jet.pt()  = 55.7526=======__jet.eta()+++ -0.180902
after JER() = 55.6834========_jet.eta()+++ -0.180902______Jet_Pt[nJets]------55.6834
  jet.pt()  = 36.9477=======__jet.eta()+++ -0.31639
after JER() = 35.4605========_jet.eta()+++ -0.31639______Jet_Pt[nJets]------35.4605
  jet.pt()  = 36.8954=======__jet.eta()+++ -1.21206
after JER() = 36.748========_jet.eta()+++ -1.21206______Jet_Pt[nJets]------36.748
  jet.pt()  = 18.3831=======__jet.eta()+++ -3.33349
  jet.pt()  = 17.7372=======__jet.eta()+++ 3.3394
  jet.pt()  = 17.5542=======__jet.eta()+++ -1.41427
  jet.pt()  = 16.6743=======__jet.eta()+++ 3.12794
  jet.pt()  = 14.0076=======__jet.eta()+++ -0.514401
  jet.pt()  = 10.5569=======__jet.eta()+++ -3.87055
  jet.pt()  = 10.4643=======__jet.eta()+++ -3.12625
  jet.pt()  = 53.923=======__jet.eta()+++ 0.655208
after JER() = 53.58========_jet.eta()+++ 0.655208______Jet_Pt[nJets]------53.58
  jet.pt()  = 45.2564=======__jet.eta()+++ -1.64329
after JER() = 45.4669========_jet.eta()+++ -1.64329______Jet_Pt[nJets]------45.4669
  jet.pt()  = 39.3204=======__jet.eta()+++ 0.00814965
after JER() = 39.832========_jet.eta()+++ 0.00814965______Jet_Pt[nJets]------39.832
  jet.pt()  = 27.6381=======__jet.eta()+++ 2.91625
  jet.pt()  = 16.809=======__jet.eta()+++ 2.28759
  jet.pt()  = 16.274=======__jet.eta()+++ 2.76177
  jet.pt()  = 13.6537=======__jet.eta()+++ 0.217598
  jet.pt()  = 10.8244=======__jet.eta()+++ -1.59987
  jet.pt()  = 430.918=======__jet.eta()+++ -1.71917
after JER() = 430.466========_jet.eta()+++ -1.71917______Jet_Pt[nJets]------430.466
  jet.pt()  = 169.741=======__jet.eta()+++ -0.659617
after JER() = 169.054========_jet.eta()+++ -0.659617______Jet_Pt[nJets]------169.054
  jet.pt()  = 125.578=======__jet.eta()+++ -0.152212
after JER() = 124.05========_jet.eta()+++ -0.152212______Jet_Pt[nJets]------124.05
  jet.pt()  = 82.689=======__jet.eta()+++ 0.753173
after JER() = 80.9147========_jet.eta()+++ 0.753173______Jet_Pt[nJets]------80.9147
  jet.pt()  = 66.8905=======__jet.eta()+++ -0.48825
after JER() = 67.707========_jet.eta()+++ -0.48825______Jet_Pt[nJets]------67.707
  jet.pt()  = 52.9305=======__jet.eta()+++ -3.69073
  jet.pt()  = 36.8337=======__jet.eta()+++ 0.358011
after JER() = 37.266========_jet.eta()+++ 0.358011______Jet_Pt[nJets]------37.266
  jet.pt()  = 20.2938=======__jet.eta()+++ -2.71814
  jet.pt()  = 19.5937=======__jet.eta()+++ -3.32513
  jet.pt()  = 16.0764=======__jet.eta()+++ 2.62538
  jet.pt()  = 15.3052=======__jet.eta()+++ 1.9798
  jet.pt()  = 14.9607=======__jet.eta()+++ -3.17157
  jet.pt()  = 14.8164=======__jet.eta()+++ -2.27622
  jet.pt()  = 13.8929=======__jet.eta()+++ 3.13529
  jet.pt()  = 13.1941=======__jet.eta()+++ 0.928808
  jet.pt()  = 12.9178=======__jet.eta()+++ 4.01446
  jet.pt()  = 12.1392=======__jet.eta()+++ -4.41957
  jet.pt()  = 10.9981=======__jet.eta()+++ -4.83231
  jet.pt()  = 10.8636=======__jet.eta()+++ -1.05705
  jet.pt()  = 10.4696=======__jet.eta()+++ -0.0585288
  jet.pt()  = 214.985=======__jet.eta()+++ 0.207902
after JER() = 214.708========_jet.eta()+++ 0.207902______Jet_Pt[nJets]------214.708
  jet.pt()  = 144.108=======__jet.eta()+++ 2.49935
  jet.pt()  = 123.094=======__jet.eta()+++ 1.54419
after JER() = 122.881========_jet.eta()+++ 1.54419______Jet_Pt[nJets]------122.881
  jet.pt()  = 35.3875=======__jet.eta()+++ -0.122008
after JER() = 35.7736========_jet.eta()+++ -0.122008______Jet_Pt[nJets]------35.7736
  jet.pt()  = 30.9517=======__jet.eta()+++ 1.61076
after JER() = 31.7203========_jet.eta()+++ 1.61076______Jet_Pt[nJets]------31.7203
  jet.pt()  = 11.4489=======__jet.eta()+++ 1.70031
  jet.pt()  = 11.2268=======__jet.eta()+++ 4.93002
  jet.pt()  = 11.0404=======__jet.eta()+++ 3.07389
  jet.pt()  = 10.5965=======__jet.eta()+++ 2.02278
  jet.pt()  = 10.3189=======__jet.eta()+++ 1.11387
  jet.pt()  = 10.2922=======__jet.eta()+++ -3.67052
  jet.pt()  = 50.2655=======__jet.eta()+++ -1.09962
after JER() = 49.9365========_jet.eta()+++ -1.09962______Jet_Pt[nJets]------49.9365
  jet.pt()  = 50.0489=======__jet.eta()+++ -1.40565
  jet.pt()  = 47.2015=======__jet.eta()+++ -1.23326
after JER() = 47.6807========_jet.eta()+++ -1.23326______Jet_Pt[nJets]------47.6807
  jet.pt()  = 40.0998=======__jet.eta()+++ -2.22077
after JER() = 40.1082========_jet.eta()+++ -2.22077______Jet_Pt[nJets]------40.1082
  jet.pt()  = 36.9274=======__jet.eta()+++ -1.46285
after JER() = 35.5764========_jet.eta()+++ -1.46285______Jet_Pt[nJets]------35.5764
  jet.pt()  = 19.7356=======__jet.eta()+++ -1.50963
  jet.pt()  = 12.8936=======__jet.eta()+++ -1.13684
  jet.pt()  = 12.5259=======__jet.eta()+++ 0.358317
  jet.pt()  = 12.2249=======__jet.eta()+++ -3.22039
  jet.pt()  = 11.6139=======__jet.eta()+++ -1.37731
  jet.pt()  = 10.135=======__jet.eta()+++ 4.9882
  jet.pt()  = 187.515=======__jet.eta()+++ 2.13135
after JER() = 187.517========_jet.eta()+++ 2.13135______Jet_Pt[nJets]------187.517
  jet.pt()  = 171.803=======__jet.eta()+++ -0.020186
after JER() = 173.992========_jet.eta()+++ -0.020186______Jet_Pt[nJets]------173.992
  jet.pt()  = 110.342=======__jet.eta()+++ 1.09321
after JER() = 112.795========_jet.eta()+++ 1.09321______Jet_Pt[nJets]------112.795
  jet.pt()  = 72.0207=======__jet.eta()+++ 0.302493
after JER() = 72.178========_jet.eta()+++ 0.302493______Jet_Pt[nJets]------72.178
  jet.pt()  = 71.7485=======__jet.eta()+++ -0.247416
after JER() = 70.4338========_jet.eta()+++ -0.247416______Jet_Pt[nJets]------70.4338
  jet.pt()  = 60.309=======__jet.eta()+++ 1.03982
after JER() = 61.0477========_jet.eta()+++ 1.03982______Jet_Pt[nJets]------61.0477
  jet.pt()  = 33.2645=======__jet.eta()+++ -0.848569
after JER() = 32.1212========_jet.eta()+++ -0.848569______Jet_Pt[nJets]------32.1212
  jet.pt()  = 21.4292=======__jet.eta()+++ 5.01815
  jet.pt()  = 19.2278=======__jet.eta()+++ 0.123013
  jet.pt()  = 17.1425=======__jet.eta()+++ 0.027145
  jet.pt()  = 13.0227=======__jet.eta()+++ -4.32653
  jet.pt()  = 11.2002=======__jet.eta()+++ -3.89615
  jet.pt()  = 10.9305=======__jet.eta()+++ -1.63279
  jet.pt()  = 10.6798=======__jet.eta()+++ 0.480001
  jet.pt()  = 10.3767=======__jet.eta()+++ -0.686942
  jet.pt()  = 10.3495=======__jet.eta()+++ 4.028
  jet.pt()  = 60.8852=======__jet.eta()+++ -0.180927
after JER() = 61.4792========_jet.eta()+++ -0.180927______Jet_Pt[nJets]------61.4792
  jet.pt()  = 40.1426=======__jet.eta()+++ 0.141078
after JER() = 40.6641========_jet.eta()+++ 0.141078______Jet_Pt[nJets]------40.6641
  jet.pt()  = 32.9076=======__jet.eta()+++ 0.504659
after JER() = 33.0039========_jet.eta()+++ 0.504659______Jet_Pt[nJets]------33.0039
  jet.pt()  = 30.147=======__jet.eta()+++ -0.106379
after JER() = 30.3367========_jet.eta()+++ -0.106379______Jet_Pt[nJets]------30.3367
  jet.pt()  = 21.4815=======__jet.eta()+++ 2.41565
  jet.pt()  = 20.947=======__jet.eta()+++ -2.14787
  jet.pt()  = 13.3955=======__jet.eta()+++ 1.28072
  jet.pt()  = 76.3691=======__jet.eta()+++ 0.561323
after JER() = 76.7312========_jet.eta()+++ 0.561323______Jet_Pt[nJets]------76.7312
  jet.pt()  = 63.5439=======__jet.eta()+++ 0.547974
after JER() = 64.6399========_jet.eta()+++ 0.547974______Jet_Pt[nJets]------64.6399
  jet.pt()  = 33.3524=======__jet.eta()+++ 2.5047
  jet.pt()  = 29.0859=======__jet.eta()+++ -2.80319
  jet.pt()  = 28.9187=======__jet.eta()+++ 1.88051
  jet.pt()  = 27.0109=======__jet.eta()+++ -1.02999
  jet.pt()  = 20.3363=======__jet.eta()+++ 0.86372
  jet.pt()  = 18.6656=======__jet.eta()+++ 2.37125
  jet.pt()  = 17.6622=======__jet.eta()+++ 3.29969
  jet.pt()  = 15.6775=======__jet.eta()+++ 4.96876
  jet.pt()  = 15.5546=======__jet.eta()+++ 0.193518
  jet.pt()  = 15.2592=======__jet.eta()+++ -1.73423
  jet.pt()  = 14.3351=======__jet.eta()+++ -0.416302
  jet.pt()  = 13.54=======__jet.eta()+++ -0.481606
  jet.pt()  = 12.106=======__jet.eta()+++ 2.96492
  jet.pt()  = 11.8905=======__jet.eta()+++ -3.38843
  jet.pt()  = 10.8558=======__jet.eta()+++ -1.77997
  jet.pt()  = 10.5703=======__jet.eta()+++ 4.2439
  jet.pt()  = 50.6385=======__jet.eta()+++ 0.476141
  jet.pt()  = 48.924=======__jet.eta()+++ 0.213159
after JER() = 49.1543========_jet.eta()+++ 0.213159______Jet_Pt[nJets]------49.1543
  jet.pt()  = 48.3236=======__jet.eta()+++ -0.64907
after JER() = 48.6954========_jet.eta()+++ -0.64907______Jet_Pt[nJets]------48.6954
  jet.pt()  = 27.4501=======__jet.eta()+++ -1.26388
  jet.pt()  = 17.7468=======__jet.eta()+++ 3.5958
  jet.pt()  = 10.0245=======__jet.eta()+++ -3.83858
  jet.pt()  = 62.7494=======__jet.eta()+++ -1.61746
after JER() = 63.1221========_jet.eta()+++ -1.61746______Jet_Pt[nJets]------63.1221
  jet.pt()  = 57.0815=======__jet.eta()+++ -2.39319
after JER() = 57.1586========_jet.eta()+++ -2.39319______Jet_Pt[nJets]------57.1586
  jet.pt()  = 50.0909=======__jet.eta()+++ -1.72435
after JER() = 49.9027========_jet.eta()+++ -1.72435______Jet_Pt[nJets]------49.9026
  jet.pt()  = 49.8969=======__jet.eta()+++ -2.99485
  jet.pt()  = 32.6854=======__jet.eta()+++ 1.34006
after JER() = 32.5943========_jet.eta()+++ 1.34006______Jet_Pt[nJets]------32.5943
  jet.pt()  = 21.4207=======__jet.eta()+++ -3.6921
  jet.pt()  = 21.398=======__jet.eta()+++ 1.72011
  jet.pt()  = 19.6859=======__jet.eta()+++ -0.69357
  jet.pt()  = 15.412=======__jet.eta()+++ 2.86558
  jet.pt()  = 15.2235=======__jet.eta()+++ 3.13708
  jet.pt()  = 14.1951=======__jet.eta()+++ -1.58103
  jet.pt()  = 13.1133=======__jet.eta()+++ -1.27913
  jet.pt()  = 11.648=======__jet.eta()+++ -2.28491
  jet.pt()  = 131.894=======__jet.eta()+++ -0.318596
after JER() = 131.735========_jet.eta()+++ -0.318596______Jet_Pt[nJets]------131.735
  jet.pt()  = 99.3379=======__jet.eta()+++ 1.40747
after JER() = 99.2896========_jet.eta()+++ 1.40747______Jet_Pt[nJets]------99.2896
  jet.pt()  = 63.6804=======__jet.eta()+++ 0.77539
after JER() = 63.774========_jet.eta()+++ 0.77539______Jet_Pt[nJets]------63.774
  jet.pt()  = 51.5896=======__jet.eta()+++ 1.15794
after JER() = 51.58========_jet.eta()+++ 1.15794______Jet_Pt[nJets]------51.58
  jet.pt()  = 20.2362=======__jet.eta()+++ -3.1386
  jet.pt()  = 17.7761=======__jet.eta()+++ -0.932914
  jet.pt()  = 13.4955=======__jet.eta()+++ 3.11661
  jet.pt()  = 12.6099=======__jet.eta()+++ 2.13421
  jet.pt()  = 11.5714=======__jet.eta()+++ 3.08802
  jet.pt()  = 10.464=======__jet.eta()+++ 4.5476
