@@@ Inserting into scaleup weight[0] muR=1 muF=2 hdamp=mt=272.7225 
@@@ Inserting into scaledown weight[0] muR=1 muF=0.5 hdamp=mt=272.7225 
@@@ Inserting into scaleup weight[1] muR=2 muF=1 hdamp=mt=272.7225 
@@@ Inserting into scaleup weight[2] muR=2 muF=2 hdamp=mt=272.7225 
@@@ Skipping unphysical parameter muR=2 muF=0.5 hdamp=mt=272.7225 
@@@ Inserting into scaledown weight[1] muR=0.5 muF=1 hdamp=mt=272.7225 
@@@ Skipping unphysical parameter muR=0.5 muF=2 hdamp=mt=272.7225 
@@@ Inserting into scaledown weight[2] muR=0.5 muF=0.5 hdamp=mt=272.7225 
JES) = 1.01383
JES) = 1.014
JES) = 1.02856
JES) = 1.01877
JES) = 1.00832
JES) = 1.00954
JES) = 1.01285
JES) = 1.01793
JES) = 1.01803
JES) = 1.01438
JES) = 1.01162
JES) = 1.01327
JES) = 1.01714
JES) = 1.02426
JES) = 1.02008
JES) = 1.01056
JES) = 1.01027
JES) = 1.01972
JES) = 1.00691
JES) = 1.0208
JES) = 1.01395
JES) = 1.01445
JES) = 1.01865
JES) = 1.01441
JES) = 1.0102
JES) = 1.01194
JES) = 1.01665
JES) = 1.01208
JES) = 1.01667
JES) = 1.01155
JES) = 1.01941
JES) = 1.01814
JES) = 1.01627
JES) = 1.02228
JES) = 1.02658
JES) = 1.01975
JES) = 1.01044
JES) = 1.01176
JES) = 1.01598
JES) = 1.01016
JES) = 1.01692
JES) = 1.02409
JES) = 1.01871
JES) = 1.00849
JES) = 1.01354
JES) = 1.01211
JES) = 1.01289
JES) = 1.02744
JES) = 1.01181
JES) = 1.01255
JES) = 1.01696
JES) = 1.02121
JES) = 1.01154
JES) = 1.02855
JES) = 1.03272
JES) = 1.03212
JES) = 1.01315
JES) = 1.02304
JES) = 1.02271
JES) = 1.00994
JES) = 1.01692
JES) = 1.01745
JES) = 1.022
JES) = 1.03059
JES) = 1.00925
JES) = 1.0124
JES) = 1.02033
JES) = 1.01036
JES) = 1.01963
JES) = 1.00921
JES) = 1.01826
JES) = 1.01469
JES) = 1.02321
JES) = 1.01305
JES) = 1.01588
JES) = 1.0167
JES) = 1.00876
JES) = 1.01465
JES) = 1.01767
JES) = 1.01751
JES) = 1.0203
JES) = 1.02083
JES) = 1.01378
JES) = 1.01892
JES) = 1.00643
JES) = 1.01973
JES) = 1.01245
JES) = 1.01587
JES) = 1.01856
JES) = 1.01105
JES) = 1.01926
JES) = 1.02478
JES) = 1.01932
JES) = 1.01776
JES) = 1.00816
JES) = 1.01663
JES) = 1.01114
JES) = 1.02267
JES) = 1.02037
JES) = 1.00901
JES) = 1.01854
JES) = 1.01491
JES) = 1.01404
JES) = 1.02263
JES) = 1.01592
JES) = 1.02142
JES) = 1.00778
JES) = 1.01767
JES) = 1.00974
JES) = 1.02655
JES) = 1.01681
JES) = 1.00912
JES) = 1.01188
JES) = 1.01321
JES) = 1.01475
JES) = 1.01369
JES) = 1.02735
JES) = 1.00719
JES) = 1.01387
JES) = 1.02185
JES) = 1.01271
JES) = 1.0216
JES) = 1.00943
JES) = 1.02161
JES) = 1.01641
JES) = 1.01132
JES) = 1.01311
JES) = 1.01799
JES) = 1.01808
JES) = 1.0108
JES) = 1.01345
JES) = 1.01756
JES) = 1.01173
JES) = 1.01042
JES) = 1.01161
JES) = 1.01599
JES) = 1.02068
JES) = 1.01121
JES) = 1.0133
JES) = 1.02092
JES) = 1.01898
JES) = 1.01876
JES) = 1.02033
JES) = 1.02042
JES) = 1.02081
JES) = 1.00771
JES) = 1.0094
JES) = 1.01648
JES) = 1.0228
JES) = 1.00858
JES) = 1.01092
JES) = 1.01796
JES) = 1.01143
JES) = 1.01021
JES) = 1.01361
JES) = 1.0235
JES) = 1.0205
JES) = 1.00695
JES) = 1.00892
JES) = 1.00796
JES) = 1.01155
JES) = 1.01993
JES) = 1.00722
JES) = 1.01052
JES) = 1.02149
JES) = 1.01276
JES) = 1.0135
JES) = 1.01569
JES) = 1.0189
JES) = 1.03156
JES) = 1.01176
JES) = 1.01084
JES) = 1.02527
JES) = 1.01564
JES) = 1.01448
JES) = 1.01037
JES) = 1.01888
JES) = 1.01927
JES) = 1.02111
JES) = 1.0298
JES) = 1.01768
JES) = 1.01688
JES) = 1.02028
JES) = 1.0132
JES) = 1.01503
JES) = 1.01672
JES) = 1.01438
JES) = 1.01063
JES) = 1.02434
JES) = 1.01703
JES) = 1.01707
JES) = 1.01776
JES) = 1.02567
JES) = 1.02575
JES) = 1.0134
JES) = 1.01681
JES) = 1.01429
JES) = 1.01334
JES) = 1.02141
JES) = 1.01975
JES) = 1.01473
JES) = 1.01904
JES) = 1.03072
JES) = 1.01524
JES) = 1.01215
JES) = 1.01852
JES) = 1.01911
JES) = 1.00792
JES) = 1.00824
JES) = 1.0268
JES) = 1.01188
JES) = 1.01415
JES) = 1.01404
JES) = 1.02999
JES) = 1.00706
JES) = 1.01498
JES) = 1.00521
JES) = 1.00942
JES) = 1.01171
JES) = 1.01403
JES) = 1.01817
JES) = 1.00964
JES) = 1.0073
JES) = 1.00856
JES) = 1.02455
JES) = 1.02788
JES) = 1.01182
JES) = 1.02625
JES) = 1.02882
JES) = 1.01214
JES) = 1.02367
JES) = 1.00915
JES) = 1.01795
JES) = 1.01059
JES) = 1.0145
JES) = 1.01969
JES) = 1.00943
JES) = 1.02469
JES) = 1.0148
JES) = 1.01492
JES) = 1.007
JES) = 1.01057
JES) = 1.02334
JES) = 1.01695
JES) = 1.01454
JES) = 1.01544
JES) = 1.021
JES) = 1.014
JES) = 1.01749
JES) = 1.02455
JES) = 1.01935
JES) = 1.01553
JES) = 1.01163
JES) = 1.0111
JES) = 1.01266
JES) = 1.01746
JES) = 1.0124
JES) = 1.02269
JES) = 1.00961
JES) = 1.02069
JES) = 1.01432
JES) = 1.01637
JES) = 1.01894
JES) = 1.0185
JES) = 1.03151
JES) = 1.01892
JES) = 1.01983
JES) = 1.00677
JES) = 1.01228
JES) = 1.01175
JES) = 1.02888
JES) = 1.02335
JES) = 1.01095
JES) = 1.0118
JES) = 1.01963
JES) = 1.01969
JES) = 1.01234
JES) = 1.02463
JES) = 1.01813
JES) = 1.01955
JES) = 1.01984
JES) = 1.01921
JES) = 1.02157
JES) = 1.02078
JES) = 1.00867
JES) = 1.01239
JES) = 1.01562
JES) = 1.02943
JES) = 1.0086
JES) = 1.01034
JES) = 1.02102
JES) = 1.01133
JES) = 1.01561
JES) = 1.02656
JES) = 1.01151
JES) = 1.01535
JES) = 1.03244
JES) = 1.01513
JES) = 1.01254
JES) = 1.01046
JES) = 1.01856
JES) = 1.01151
JES) = 1.0134
JES) = 1.01392
JES) = 1.02743
JES) = 1.02558
JES) = 1.00711
JES) = 1.03041
JES) = 1.01919
JES) = 1.00665
JES) = 1.00831
JES) = 1.0121
JES) = 1.01346
JES) = 1.01881
JES) = 1.02085
JES) = 1.01071
JES) = 1.01839
JES) = 1.02475
JES) = 1.01999
JES) = 1.02181
JES) = 1.01487
JES) = 1.01621
JES) = 1.0093
JES) = 1.01212
JES) = 1.01548
JES) = 1.01831
JES) = 1.0251
JES) = 1.01532
JES) = 1.02305
JES) = 1.01379
JES) = 1.01322
JES) = 1.02359
JES) = 1.00996
JES) = 1.01107
JES) = 1.01397
JES) = 1.01849
JES) = 1.021
JES) = 1.01223
JES) = 1.02657
JES) = 1.0169
JES) = 1.01036
JES) = 1.00678
JES) = 1.00881
JES) = 1.00961
JES) = 1.01356
JES) = 1.01852
JES) = 1.00656
JES) = 1.01492
JES) = 1.01804
JES) = 1.03038
JES) = 1.01791
JES) = 1.01862
JES) = 1.02746
JES) = 1.02473
JES) = 1.01206
JES) = 1.00731
JES) = 1.01183
JES) = 1.013
JES) = 1.01303
JES) = 1.01646
JES) = 1.01852
JES) = 1.0133
JES) = 1.01667
JES) = 1.0199
JES) = 1.02004
JES) = 1.01256
JES) = 1.01397
JES) = 1.01595
JES) = 1.01311
JES) = 1.02338
JES) = 1.0225
JES) = 1.02564
JES) = 1.02229
JES) = 1.00906
JES) = 1.01635
JES) = 1.01113
JES) = 1.01773
